{"numFailedTestSuites":0,"numFailedTests":0,"numPassedTestSuites":9,"numPassedTests":178,"numPendingTestSuites":0,"numPendingTests":0,"numRuntimeErrorTestSuites":0,"numTodoTests":0,"numTotalTestSuites":9,"numTotalTests":178,"openHandles":[],"snapshot":{"added":0,"didUpdate":false,"failure":false,"filesAdded":0,"filesRemoved":0,"filesRemovedList":[],"filesUnmatched":0,"filesUpdated":0,"matched":0,"total":0,"unchecked":0,"uncheckedKeysByFile":[],"unmatched":0,"updated":0},"startTime":1604997245741,"success":true,"testResults":[{"assertionResults":[{"ancestorTitles":["User routes","POST /v1/users"],"failureMessages":[],"fullName":"User routes POST /v1/users should return 201 and successfully create new user if data is ok","location":null,"status":"passed","title":"should return 201 and successfully create new user if data is ok"},{"ancestorTitles":["User routes","POST /v1/users"],"failureMessages":[],"fullName":"User routes POST /v1/users should be able to create an admin as well","location":null,"status":"passed","title":"should be able to create an admin as well"},{"ancestorTitles":["User routes","POST /v1/users"],"failureMessages":[],"fullName":"User routes POST /v1/users should return 401 error if access token is missing","location":null,"status":"passed","title":"should return 401 error if access token is missing"},{"ancestorTitles":["User routes","POST /v1/users"],"failureMessages":[],"fullName":"User routes POST /v1/users should return 403 error if logged in user is not admin","location":null,"status":"passed","title":"should return 403 error if logged in user is not admin"},{"ancestorTitles":["User routes","POST /v1/users"],"failureMessages":[],"fullName":"User routes POST /v1/users should return 400 error if email is invalid","location":null,"status":"passed","title":"should return 400 error if email is invalid"},{"ancestorTitles":["User routes","POST /v1/users"],"failureMessages":[],"fullName":"User routes POST /v1/users should return 400 error if email is already used","location":null,"status":"passed","title":"should return 400 error if email is already used"},{"ancestorTitles":["User routes","POST /v1/users"],"failureMessages":[],"fullName":"User routes POST /v1/users should return 400 error if password length is less than 8 characters","location":null,"status":"passed","title":"should return 400 error if password length is less than 8 characters"},{"ancestorTitles":["User routes","POST /v1/users"],"failureMessages":[],"fullName":"User routes POST /v1/users should return 400 error if password does not contain both letters and numbers","location":null,"status":"passed","title":"should return 400 error if password does not contain both letters and numbers"},{"ancestorTitles":["User routes","POST /v1/users"],"failureMessages":[],"fullName":"User routes POST /v1/users should return 400 error if role is neither user nor admin","location":null,"status":"passed","title":"should return 400 error if role is neither user nor admin"},{"ancestorTitles":["User routes","POST /v1/users"],"failureMessages":[],"fullName":"User routes POST /v1/users should return 400 error if status is neither available nor busy","location":null,"status":"passed","title":"should return 400 error if status is neither available nor busy"},{"ancestorTitles":["User routes","GET /v1/users"],"failureMessages":[],"fullName":"User routes GET /v1/users should return 200 and apply the default query options","location":null,"status":"passed","title":"should return 200 and apply the default query options"},{"ancestorTitles":["User routes","GET /v1/users"],"failureMessages":[],"fullName":"User routes GET /v1/users should return 401 if access token is missing","location":null,"status":"passed","title":"should return 401 if access token is missing"},{"ancestorTitles":["User routes","GET /v1/users"],"failureMessages":[],"fullName":"User routes GET /v1/users should return 403 if a non-admin is trying to access all users","location":null,"status":"passed","title":"should return 403 if a non-admin is trying to access all users"},{"ancestorTitles":["User routes","GET /v1/users"],"failureMessages":[],"fullName":"User routes GET /v1/users should correctly apply filter on name field","location":null,"status":"passed","title":"should correctly apply filter on name field"},{"ancestorTitles":["User routes","GET /v1/users"],"failureMessages":[],"fullName":"User routes GET /v1/users should correctly apply filter on role field","location":null,"status":"passed","title":"should correctly apply filter on role field"},{"ancestorTitles":["User routes","GET /v1/users"],"failureMessages":[],"fullName":"User routes GET /v1/users should correctly sort returned array if descending sort param is specified","location":null,"status":"passed","title":"should correctly sort returned array if descending sort param is specified"},{"ancestorTitles":["User routes","GET /v1/users"],"failureMessages":[],"fullName":"User routes GET /v1/users should correctly sort returned array if ascending sort param is specified","location":null,"status":"passed","title":"should correctly sort returned array if ascending sort param is specified"},{"ancestorTitles":["User routes","GET /v1/users"],"failureMessages":[],"fullName":"User routes GET /v1/users should limit returned array if limit param is specified","location":null,"status":"passed","title":"should limit returned array if limit param is specified"},{"ancestorTitles":["User routes","GET /v1/users"],"failureMessages":[],"fullName":"User routes GET /v1/users should return the correct page if page and limit params are specified","location":null,"status":"passed","title":"should return the correct page if page and limit params are specified"},{"ancestorTitles":["User routes","GET /v1/users/:userId"],"failureMessages":[],"fullName":"User routes GET /v1/users/:userId should return 200 and the user object if data is ok","location":null,"status":"passed","title":"should return 200 and the user object if data is ok"},{"ancestorTitles":["User routes","GET /v1/users/:userId"],"failureMessages":[],"fullName":"User routes GET /v1/users/:userId should return 401 error if access token is missing","location":null,"status":"passed","title":"should return 401 error if access token is missing"},{"ancestorTitles":["User routes","GET /v1/users/:userId"],"failureMessages":[],"fullName":"User routes GET /v1/users/:userId should return 403 error if user is trying to get another user","location":null,"status":"passed","title":"should return 403 error if user is trying to get another user"},{"ancestorTitles":["User routes","GET /v1/users/:userId"],"failureMessages":[],"fullName":"User routes GET /v1/users/:userId should return 200 and the user object if admin is trying to get another user","location":null,"status":"passed","title":"should return 200 and the user object if admin is trying to get another user"},{"ancestorTitles":["User routes","GET /v1/users/:userId"],"failureMessages":[],"fullName":"User routes GET /v1/users/:userId should return 400 error if userId is not a valid mongo id","location":null,"status":"passed","title":"should return 400 error if userId is not a valid mongo id"},{"ancestorTitles":["User routes","GET /v1/users/:userId"],"failureMessages":[],"fullName":"User routes GET /v1/users/:userId should return 404 error if user is not found","location":null,"status":"passed","title":"should return 404 error if user is not found"},{"ancestorTitles":["User routes","DELETE /v1/users/:userId"],"failureMessages":[],"fullName":"User routes DELETE /v1/users/:userId should return 204 if data is ok","location":null,"status":"passed","title":"should return 204 if data is ok"},{"ancestorTitles":["User routes","DELETE /v1/users/:userId"],"failureMessages":[],"fullName":"User routes DELETE /v1/users/:userId should return 401 error if access token is missing","location":null,"status":"passed","title":"should return 401 error if access token is missing"},{"ancestorTitles":["User routes","DELETE /v1/users/:userId"],"failureMessages":[],"fullName":"User routes DELETE /v1/users/:userId should return 403 error if user is trying to delete another user","location":null,"status":"passed","title":"should return 403 error if user is trying to delete another user"},{"ancestorTitles":["User routes","DELETE /v1/users/:userId"],"failureMessages":[],"fullName":"User routes DELETE /v1/users/:userId should return 204 if admin is trying to delete another user","location":null,"status":"passed","title":"should return 204 if admin is trying to delete another user"},{"ancestorTitles":["User routes","DELETE /v1/users/:userId"],"failureMessages":[],"fullName":"User routes DELETE /v1/users/:userId should return 400 error if userId is not a valid mongo id","location":null,"status":"passed","title":"should return 400 error if userId is not a valid mongo id"},{"ancestorTitles":["User routes","DELETE /v1/users/:userId"],"failureMessages":[],"fullName":"User routes DELETE /v1/users/:userId should return 404 error if user already is not found","location":null,"status":"passed","title":"should return 404 error if user already is not found"},{"ancestorTitles":["User routes","PATCH /v1/users/:userId"],"failureMessages":[],"fullName":"User routes PATCH /v1/users/:userId should return 200 and successfully update user if data is ok","location":null,"status":"passed","title":"should return 200 and successfully update user if data is ok"},{"ancestorTitles":["User routes","PATCH /v1/users/:userId"],"failureMessages":[],"fullName":"User routes PATCH /v1/users/:userId should return 401 error if access token is missing","location":null,"status":"passed","title":"should return 401 error if access token is missing"},{"ancestorTitles":["User routes","PATCH /v1/users/:userId"],"failureMessages":[],"fullName":"User routes PATCH /v1/users/:userId should return 403 if user is updating another user","location":null,"status":"passed","title":"should return 403 if user is updating another user"},{"ancestorTitles":["User routes","PATCH /v1/users/:userId"],"failureMessages":[],"fullName":"User routes PATCH /v1/users/:userId should return 200 and successfully update user if admin is updating another user","location":null,"status":"passed","title":"should return 200 and successfully update user if admin is updating another user"},{"ancestorTitles":["User routes","PATCH /v1/users/:userId"],"failureMessages":[],"fullName":"User routes PATCH /v1/users/:userId should return 404 if admin is updating another user that is not found","location":null,"status":"passed","title":"should return 404 if admin is updating another user that is not found"},{"ancestorTitles":["User routes","PATCH /v1/users/:userId"],"failureMessages":[],"fullName":"User routes PATCH /v1/users/:userId should return 400 error if userId is not a valid mongo id","location":null,"status":"passed","title":"should return 400 error if userId is not a valid mongo id"},{"ancestorTitles":["User routes","PATCH /v1/users/:userId"],"failureMessages":[],"fullName":"User routes PATCH /v1/users/:userId should return 400 if email is invalid","location":null,"status":"passed","title":"should return 400 if email is invalid"},{"ancestorTitles":["User routes","PATCH /v1/users/:userId"],"failureMessages":[],"fullName":"User routes PATCH /v1/users/:userId should return 400 if email is already taken","location":null,"status":"passed","title":"should return 400 if email is already taken"},{"ancestorTitles":["User routes","PATCH /v1/users/:userId"],"failureMessages":[],"fullName":"User routes PATCH /v1/users/:userId should not return 400 if email is my email","location":null,"status":"passed","title":"should not return 400 if email is my email"},{"ancestorTitles":["User routes","PATCH /v1/users/:userId"],"failureMessages":[],"fullName":"User routes PATCH /v1/users/:userId should return 400 if password length is less than 8 characters","location":null,"status":"passed","title":"should return 400 if password length is less than 8 characters"},{"ancestorTitles":["User routes","PATCH /v1/users/:userId"],"failureMessages":[],"fullName":"User routes PATCH /v1/users/:userId should return 400 if password does not contain both letters and numbers","location":null,"status":"passed","title":"should return 400 if password does not contain both letters and numbers"},{"ancestorTitles":["User routes","PATCH /v1/users/:userId"],"failureMessages":[],"fullName":"User routes PATCH /v1/users/:userId should return 400 error if status is neither available nor busy","location":null,"status":"passed","title":"should return 400 error if status is neither available nor busy"},{"ancestorTitles":["User routes","POST /v1/users/status/:userId"],"failureMessages":[],"fullName":"User routes POST /v1/users/status/:userId should return 200 and successfully update user status if data is ok","location":null,"status":"passed","title":"should return 200 and successfully update user status if data is ok"},{"ancestorTitles":["User routes","POST /v1/users/status/:userId"],"failureMessages":[],"fullName":"User routes POST /v1/users/status/:userId should return 401 error if access token is missing","location":null,"status":"passed","title":"should return 401 error if access token is missing"},{"ancestorTitles":["User routes","POST /v1/users/status/:userId"],"failureMessages":[],"fullName":"User routes POST /v1/users/status/:userId should return 200 if user is updating their status","location":null,"status":"passed","title":"should return 200 if user is updating their status"},{"ancestorTitles":["User routes","POST /v1/users/status/:userId"],"failureMessages":[],"fullName":"User routes POST /v1/users/status/:userId should return 403 if user is updating the status of another user","location":null,"status":"passed","title":"should return 403 if user is updating the status of another user"},{"ancestorTitles":["User routes","POST /v1/users/status/:userId"],"failureMessages":[],"fullName":"User routes POST /v1/users/status/:userId should return 200 and successfully update user if admin is updating another user status","location":null,"status":"passed","title":"should return 200 and successfully update user if admin is updating another user status"},{"ancestorTitles":["User routes","POST /v1/users/status/:userId"],"failureMessages":[],"fullName":"User routes POST /v1/users/status/:userId should return 404 if admin is updating another user status and user is not found","location":null,"status":"passed","title":"should return 404 if admin is updating another user status and user is not found"},{"ancestorTitles":["User routes","POST /v1/users/status/:userId"],"failureMessages":[],"fullName":"User routes POST /v1/users/status/:userId should return 400 error if userId is not a valid mongo id","location":null,"status":"passed","title":"should return 400 error if userId is not a valid mongo id"},{"ancestorTitles":["User routes","POST /v1/users/status/:userId"],"failureMessages":[],"fullName":"User routes POST /v1/users/status/:userId should return 400 error if status is neither available nor busy","location":null,"status":"passed","title":"should return 400 error if status is neither available nor busy"},{"ancestorTitles":["User routes","POST /v1/users/:userId"],"failureMessages":[],"fullName":"User routes POST /v1/users/:userId should return 200 and successfully update user tasks if data is ok","location":null,"status":"passed","title":"should return 200 and successfully update user tasks if data is ok"},{"ancestorTitles":["User routes","POST /v1/users/:userId"],"failureMessages":[],"fullName":"User routes POST /v1/users/:userId should return 406 if user is already assigned task","location":null,"status":"passed","title":"should return 406 if user is already assigned task"},{"ancestorTitles":["User routes","POST /v1/users/:userId"],"failureMessages":[],"fullName":"User routes POST /v1/users/:userId should return 401 error if access token is missing","location":null,"status":"passed","title":"should return 401 error if access token is missing"},{"ancestorTitles":["User routes","POST /v1/users/:userId"],"failureMessages":[],"fullName":"User routes POST /v1/users/:userId should return 200 if user is updating their tasks","location":null,"status":"passed","title":"should return 200 if user is updating their tasks"},{"ancestorTitles":["User routes","POST /v1/users/:userId"],"failureMessages":[],"fullName":"User routes POST /v1/users/:userId should return 403 if user is updating the tasks of another user","location":null,"status":"passed","title":"should return 403 if user is updating the tasks of another user"},{"ancestorTitles":["User routes","POST /v1/users/:userId"],"failureMessages":[],"fullName":"User routes POST /v1/users/:userId should return 200 and successfully update user if admin is updating another user tasks","location":null,"status":"passed","title":"should return 200 and successfully update user if admin is updating another user tasks"},{"ancestorTitles":["User routes","POST /v1/users/:userId"],"failureMessages":[],"fullName":"User routes POST /v1/users/:userId should return 404 if admin is updating another user tasks and user is not found","location":null,"status":"passed","title":"should return 404 if admin is updating another user tasks and user is not found"},{"ancestorTitles":["User routes","POST /v1/users/:userId"],"failureMessages":[],"fullName":"User routes POST /v1/users/:userId should return 400 error if userId is not a valid mongo id","location":null,"status":"passed","title":"should return 400 error if userId is not a valid mongo id"},{"ancestorTitles":["User routes","POST /v1/users/:userId"],"failureMessages":[],"fullName":"User routes POST /v1/users/:userId should return 400 error if taskId is not a valid mongo id","location":null,"status":"passed","title":"should return 400 error if taskId is not a valid mongo id"},{"ancestorTitles":["User routes","GET /v1/users/tasks/:userId"],"failureMessages":[],"fullName":"User routes GET /v1/users/tasks/:userId should return 200 and the user\"s tasks if data is ok","location":null,"status":"passed","title":"should return 200 and the user\"s tasks if data is ok"},{"ancestorTitles":["User routes","GET /v1/users/tasks/:userId"],"failureMessages":[],"fullName":"User routes GET /v1/users/tasks/:userId should return 401 error if access token is missing","location":null,"status":"passed","title":"should return 401 error if access token is missing"},{"ancestorTitles":["User routes","GET /v1/users/tasks/:userId"],"failureMessages":[],"fullName":"User routes GET /v1/users/tasks/:userId should return 403 error if user is trying to get another user\"s tasks","location":null,"status":"passed","title":"should return 403 error if user is trying to get another user\"s tasks"},{"ancestorTitles":["User routes","GET /v1/users/tasks/:userId"],"failureMessages":[],"fullName":"User routes GET /v1/users/tasks/:userId should return 200 and the task object if admin is trying to get another user\"s tasks","location":null,"status":"passed","title":"should return 200 and the task object if admin is trying to get another user\"s tasks"},{"ancestorTitles":["User routes","GET /v1/users/tasks/:userId"],"failureMessages":[],"fullName":"User routes GET /v1/users/tasks/:userId should return 400 error if userId is not a valid mongo id","location":null,"status":"passed","title":"should return 400 error if userId is not a valid mongo id"},{"ancestorTitles":["User routes","GET /v1/users/tasks/:userId"],"failureMessages":[],"fullName":"User routes GET /v1/users/tasks/:userId should return 404 error if user is not found","location":null,"status":"passed","title":"should return 404 error if user is not found"}],"endTime":1604997248642,"message":"","name":"/home/linus/Desktop/Projects/Dev_Square_BE/tests/integration/user.test.js","startTime":1604997245771,"status":"passed","summary":""},{"assertionResults":[{"ancestorTitles":["Auth routes","POST /v1/auth/register"],"failureMessages":[],"fullName":"Auth routes POST /v1/auth/register should return 201 and successfully register user if request data is ok","location":null,"status":"passed","title":"should return 201 and successfully register user if request data is ok"},{"ancestorTitles":["Auth routes","POST /v1/auth/register"],"failureMessages":[],"fullName":"Auth routes POST /v1/auth/register should return 400 error if email is invalid","location":null,"status":"passed","title":"should return 400 error if email is invalid"},{"ancestorTitles":["Auth routes","POST /v1/auth/register"],"failureMessages":[],"fullName":"Auth routes POST /v1/auth/register should return 400 error if email is already used","location":null,"status":"passed","title":"should return 400 error if email is already used"},{"ancestorTitles":["Auth routes","POST /v1/auth/register"],"failureMessages":[],"fullName":"Auth routes POST /v1/auth/register should return 400 error if password length is less than 8 characters","location":null,"status":"passed","title":"should return 400 error if password length is less than 8 characters"},{"ancestorTitles":["Auth routes","POST /v1/auth/register"],"failureMessages":[],"fullName":"Auth routes POST /v1/auth/register should return 400 error if password does not contain both letters and numbers","location":null,"status":"passed","title":"should return 400 error if password does not contain both letters and numbers"},{"ancestorTitles":["Auth routes","POST /v1/auth/login"],"failureMessages":[],"fullName":"Auth routes POST /v1/auth/login should return 200 and login user if email and password match","location":null,"status":"passed","title":"should return 200 and login user if email and password match"},{"ancestorTitles":["Auth routes","POST /v1/auth/login"],"failureMessages":[],"fullName":"Auth routes POST /v1/auth/login should return 401 error if there are no users with that email","location":null,"status":"passed","title":"should return 401 error if there are no users with that email"},{"ancestorTitles":["Auth routes","POST /v1/auth/login"],"failureMessages":[],"fullName":"Auth routes POST /v1/auth/login should return 401 error if password is wrong","location":null,"status":"passed","title":"should return 401 error if password is wrong"},{"ancestorTitles":["Auth routes","POST /v1/auth/logout"],"failureMessages":[],"fullName":"Auth routes POST /v1/auth/logout should return 204 if refresh token is valid","location":null,"status":"passed","title":"should return 204 if refresh token is valid"},{"ancestorTitles":["Auth routes","POST /v1/auth/logout"],"failureMessages":[],"fullName":"Auth routes POST /v1/auth/logout should return 400 error if refresh token is missing from request body","location":null,"status":"passed","title":"should return 400 error if refresh token is missing from request body"},{"ancestorTitles":["Auth routes","POST /v1/auth/logout"],"failureMessages":[],"fullName":"Auth routes POST /v1/auth/logout should return 404 error if refresh token is not found in the database","location":null,"status":"passed","title":"should return 404 error if refresh token is not found in the database"},{"ancestorTitles":["Auth routes","POST /v1/auth/logout"],"failureMessages":[],"fullName":"Auth routes POST /v1/auth/logout should return 404 error if refresh token is blacklisted","location":null,"status":"passed","title":"should return 404 error if refresh token is blacklisted"},{"ancestorTitles":["Auth routes","POST /v1/auth/refresh-tokens"],"failureMessages":[],"fullName":"Auth routes POST /v1/auth/refresh-tokens should return 200 and new auth tokens if refresh token is valid","location":null,"status":"passed","title":"should return 200 and new auth tokens if refresh token is valid"},{"ancestorTitles":["Auth routes","POST /v1/auth/refresh-tokens"],"failureMessages":[],"fullName":"Auth routes POST /v1/auth/refresh-tokens should return 400 error if refresh token is missing from request body","location":null,"status":"passed","title":"should return 400 error if refresh token is missing from request body"},{"ancestorTitles":["Auth routes","POST /v1/auth/refresh-tokens"],"failureMessages":[],"fullName":"Auth routes POST /v1/auth/refresh-tokens should return 401 error if refresh token is signed using an invalid secret","location":null,"status":"passed","title":"should return 401 error if refresh token is signed using an invalid secret"},{"ancestorTitles":["Auth routes","POST /v1/auth/refresh-tokens"],"failureMessages":[],"fullName":"Auth routes POST /v1/auth/refresh-tokens should return 401 error if refresh token is not found in the database","location":null,"status":"passed","title":"should return 401 error if refresh token is not found in the database"},{"ancestorTitles":["Auth routes","POST /v1/auth/refresh-tokens"],"failureMessages":[],"fullName":"Auth routes POST /v1/auth/refresh-tokens should return 401 error if refresh token is blacklisted","location":null,"status":"passed","title":"should return 401 error if refresh token is blacklisted"},{"ancestorTitles":["Auth routes","POST /v1/auth/refresh-tokens"],"failureMessages":[],"fullName":"Auth routes POST /v1/auth/refresh-tokens should return 401 error if refresh token is expired","location":null,"status":"passed","title":"should return 401 error if refresh token is expired"},{"ancestorTitles":["Auth routes","POST /v1/auth/refresh-tokens"],"failureMessages":[],"fullName":"Auth routes POST /v1/auth/refresh-tokens should return 401 error if user is not found","location":null,"status":"passed","title":"should return 401 error if user is not found"},{"ancestorTitles":["Auth routes","POST /v1/auth/forgot-password"],"failureMessages":[],"fullName":"Auth routes POST /v1/auth/forgot-password should return 204 and send reset password email to the user","location":null,"status":"passed","title":"should return 204 and send reset password email to the user"},{"ancestorTitles":["Auth routes","POST /v1/auth/forgot-password"],"failureMessages":[],"fullName":"Auth routes POST /v1/auth/forgot-password should return 400 if email is missing","location":null,"status":"passed","title":"should return 400 if email is missing"},{"ancestorTitles":["Auth routes","POST /v1/auth/forgot-password"],"failureMessages":[],"fullName":"Auth routes POST /v1/auth/forgot-password should return 404 if email does not belong to any user","location":null,"status":"passed","title":"should return 404 if email does not belong to any user"},{"ancestorTitles":["Auth routes","POST /v1/auth/reset-password"],"failureMessages":[],"fullName":"Auth routes POST /v1/auth/reset-password should return 204 and reset the password","location":null,"status":"passed","title":"should return 204 and reset the password"},{"ancestorTitles":["Auth routes","POST /v1/auth/reset-password"],"failureMessages":[],"fullName":"Auth routes POST /v1/auth/reset-password should return 400 if reset password token is missing","location":null,"status":"passed","title":"should return 400 if reset password token is missing"},{"ancestorTitles":["Auth routes","POST /v1/auth/reset-password"],"failureMessages":[],"fullName":"Auth routes POST /v1/auth/reset-password should return 401 if reset password token is blacklisted","location":null,"status":"passed","title":"should return 401 if reset password token is blacklisted"},{"ancestorTitles":["Auth routes","POST /v1/auth/reset-password"],"failureMessages":[],"fullName":"Auth routes POST /v1/auth/reset-password should return 401 if reset password token is expired","location":null,"status":"passed","title":"should return 401 if reset password token is expired"},{"ancestorTitles":["Auth routes","POST /v1/auth/reset-password"],"failureMessages":[],"fullName":"Auth routes POST /v1/auth/reset-password should return 401 if user is not found","location":null,"status":"passed","title":"should return 401 if user is not found"},{"ancestorTitles":["Auth routes","POST /v1/auth/reset-password"],"failureMessages":[],"fullName":"Auth routes POST /v1/auth/reset-password should return 400 if password is missing or invalid","location":null,"status":"passed","title":"should return 400 if password is missing or invalid"},{"ancestorTitles":["Auth middleware"],"failureMessages":[],"fullName":"Auth middleware should call next with no errors if access token is valid","location":null,"status":"passed","title":"should call next with no errors if access token is valid"},{"ancestorTitles":["Auth middleware"],"failureMessages":[],"fullName":"Auth middleware should call next with unauthorized error if access token is not found in header","location":null,"status":"passed","title":"should call next with unauthorized error if access token is not found in header"},{"ancestorTitles":["Auth middleware"],"failureMessages":[],"fullName":"Auth middleware should call next with unauthorized error if access token is not a valid jwt token","location":null,"status":"passed","title":"should call next with unauthorized error if access token is not a valid jwt token"},{"ancestorTitles":["Auth middleware"],"failureMessages":[],"fullName":"Auth middleware should call next with unauthorized error if the token is not an access token","location":null,"status":"passed","title":"should call next with unauthorized error if the token is not an access token"},{"ancestorTitles":["Auth middleware"],"failureMessages":[],"fullName":"Auth middleware should call next with unauthorized error if access token is generated with an invalid secret","location":null,"status":"passed","title":"should call next with unauthorized error if access token is generated with an invalid secret"},{"ancestorTitles":["Auth middleware"],"failureMessages":[],"fullName":"Auth middleware should call next with unauthorized error if access token is expired","location":null,"status":"passed","title":"should call next with unauthorized error if access token is expired"},{"ancestorTitles":["Auth middleware"],"failureMessages":[],"fullName":"Auth middleware should call next with unauthorized error if user is not found","location":null,"status":"passed","title":"should call next with unauthorized error if user is not found"},{"ancestorTitles":["Auth middleware"],"failureMessages":[],"fullName":"Auth middleware should call next with forbidden error if user does not have required rights and userId is not in params","location":null,"status":"passed","title":"should call next with forbidden error if user does not have required rights and userId is not in params"},{"ancestorTitles":["Auth middleware"],"failureMessages":[],"fullName":"Auth middleware should call next with no errors if user does not have required rights but userId is in params","location":null,"status":"passed","title":"should call next with no errors if user does not have required rights but userId is in params"},{"ancestorTitles":["Auth middleware"],"failureMessages":[],"fullName":"Auth middleware should call next with no errors if user has required rights","location":null,"status":"passed","title":"should call next with no errors if user has required rights"}],"endTime":1604997250135,"message":"","name":"/home/linus/Desktop/Projects/Dev_Square_BE/tests/integration/auth.test.js","startTime":1604997248663,"status":"passed","summary":""},{"assertionResults":[{"ancestorTitles":["Task routes","POST /v1/tasks"],"failureMessages":[],"fullName":"Task routes POST /v1/tasks should return 201 and successfully create new task if data is ok","location":null,"status":"passed","title":"should return 201 and successfully create new task if data is ok"},{"ancestorTitles":["Task routes","POST /v1/tasks"],"failureMessages":[],"fullName":"Task routes POST /v1/tasks should return 401 error if access token is missing","location":null,"status":"passed","title":"should return 401 error if access token is missing"},{"ancestorTitles":["Task routes","POST /v1/tasks"],"failureMessages":[],"fullName":"Task routes POST /v1/tasks should return 403 error if logged in user is not admin","location":null,"status":"passed","title":"should return 403 error if logged in user is not admin"},{"ancestorTitles":["Task routes","POST /v1/tasks"],"failureMessages":[],"fullName":"Task routes POST /v1/tasks should return 400 error if difficulty is unknown","location":null,"status":"passed","title":"should return 400 error if difficulty is unknown"},{"ancestorTitles":["Task routes","GET /v1/tasks"],"failureMessages":[],"fullName":"Task routes GET /v1/tasks should return 200 and apply the default query options","location":null,"status":"passed","title":"should return 200 and apply the default query options"},{"ancestorTitles":["Task routes","GET /v1/tasks"],"failureMessages":[],"fullName":"Task routes GET /v1/tasks should return 401 if access token is missing","location":null,"status":"passed","title":"should return 401 if access token is missing"},{"ancestorTitles":["Task routes","GET /v1/tasks"],"failureMessages":[],"fullName":"Task routes GET /v1/tasks should return 403 if a non-admin is trying to access all tasks","location":null,"status":"passed","title":"should return 403 if a non-admin is trying to access all tasks"},{"ancestorTitles":["Task routes","GET /v1/tasks"],"failureMessages":[],"fullName":"Task routes GET /v1/tasks should correctly apply filter on category field","location":null,"status":"passed","title":"should correctly apply filter on category field"},{"ancestorTitles":["Task routes","GET /v1/tasks"],"failureMessages":[],"fullName":"Task routes GET /v1/tasks should correctly apply filter on difficulty field","location":null,"status":"passed","title":"should correctly apply filter on difficulty field"},{"ancestorTitles":["Task routes","GET /v1/tasks"],"failureMessages":[],"fullName":"Task routes GET /v1/tasks should correctly sort returned array if descending sort param is specified","location":null,"status":"passed","title":"should correctly sort returned array if descending sort param is specified"},{"ancestorTitles":["Task routes","GET /v1/tasks"],"failureMessages":[],"fullName":"Task routes GET /v1/tasks should correctly sort returned array if ascending sort param is specified","location":null,"status":"passed","title":"should correctly sort returned array if ascending sort param is specified"},{"ancestorTitles":["Task routes","GET /v1/tasks"],"failureMessages":[],"fullName":"Task routes GET /v1/tasks should limit returned array if limit param is specified","location":null,"status":"passed","title":"should limit returned array if limit param is specified"},{"ancestorTitles":["Task routes","GET /v1/tasks"],"failureMessages":[],"fullName":"Task routes GET /v1/tasks should return the correct page if page and limit params are specified","location":null,"status":"passed","title":"should return the correct page if page and limit params are specified"},{"ancestorTitles":["Task routes","GET /v1/tasks/:taskId"],"failureMessages":[],"fullName":"Task routes GET /v1/tasks/:taskId should return 200 and the task object if data is ok","location":null,"status":"passed","title":"should return 200 and the task object if data is ok"},{"ancestorTitles":["Task routes","GET /v1/tasks/:taskId"],"failureMessages":[],"fullName":"Task routes GET /v1/tasks/:taskId should return 401 error if access token is missing","location":null,"status":"passed","title":"should return 401 error if access token is missing"},{"ancestorTitles":["Task routes","GET /v1/tasks/:taskId"],"failureMessages":[],"fullName":"Task routes GET /v1/tasks/:taskId should return 400 error if taskId is not a valid mongo id","location":null,"status":"passed","title":"should return 400 error if taskId is not a valid mongo id"},{"ancestorTitles":["Task routes","GET /v1/tasks/:taskId"],"failureMessages":[],"fullName":"Task routes GET /v1/tasks/:taskId should return 404 error if task is not found","location":null,"status":"passed","title":"should return 404 error if task is not found"},{"ancestorTitles":["Task routes","DELETE /v1/tasks/:taskId"],"failureMessages":[],"fullName":"Task routes DELETE /v1/tasks/:taskId should return 204 if data is ok","location":null,"status":"passed","title":"should return 204 if data is ok"},{"ancestorTitles":["Task routes","DELETE /v1/tasks/:taskId"],"failureMessages":[],"fullName":"Task routes DELETE /v1/tasks/:taskId should return 401 error if access token is missing","location":null,"status":"passed","title":"should return 401 error if access token is missing"},{"ancestorTitles":["Task routes","DELETE /v1/tasks/:taskId"],"failureMessages":[],"fullName":"Task routes DELETE /v1/tasks/:taskId should return 400 error if taskId is not a valid mongo id","location":null,"status":"passed","title":"should return 400 error if taskId is not a valid mongo id"},{"ancestorTitles":["Task routes","DELETE /v1/tasks/:taskId"],"failureMessages":[],"fullName":"Task routes DELETE /v1/tasks/:taskId should return 404 error if task is not found","location":null,"status":"passed","title":"should return 404 error if task is not found"},{"ancestorTitles":["Task routes","PATCH /v1/tasks/:taskId"],"failureMessages":[],"fullName":"Task routes PATCH /v1/tasks/:taskId should return 200 and successfully update task if data is ok","location":null,"status":"passed","title":"should return 200 and successfully update task if data is ok"},{"ancestorTitles":["Task routes","PATCH /v1/tasks/:taskId"],"failureMessages":[],"fullName":"Task routes PATCH /v1/tasks/:taskId should return 401 error if access token is missing","location":null,"status":"passed","title":"should return 401 error if access token is missing"},{"ancestorTitles":["Task routes","PATCH /v1/tasks/:taskId"],"failureMessages":[],"fullName":"Task routes PATCH /v1/tasks/:taskId should return 404 if admin is updating task that is not found","location":null,"status":"passed","title":"should return 404 if admin is updating task that is not found"},{"ancestorTitles":["Task routes","PATCH /v1/tasks/:taskId"],"failureMessages":[],"fullName":"Task routes PATCH /v1/tasks/:taskId should return 400 error if taskId is not a valid mongo id","location":null,"status":"passed","title":"should return 400 error if taskId is not a valid mongo id"},{"ancestorTitles":["Task routes","PATCH /v1/tasks/:taskId"],"failureMessages":[],"fullName":"Task routes PATCH /v1/tasks/:taskId should return 400 error if difficulty is unknown","location":null,"status":"passed","title":"should return 400 error if difficulty is unknown"}],"endTime":1604997251450,"message":"","name":"/home/linus/Desktop/Projects/Dev_Square_BE/tests/integration/task.test.js","startTime":1604997250155,"status":"passed","summary":""},{"assertionResults":[{"ancestorTitles":["Portfolio routes","POST /v1/portfolio"],"failureMessages":[],"fullName":"Portfolio routes POST /v1/portfolio should return 201 and successfully create new portfolio item if data is ok","location":null,"status":"passed","title":"should return 201 and successfully create new portfolio item if data is ok"},{"ancestorTitles":["Portfolio routes","POST /v1/portfolio"],"failureMessages":[],"fullName":"Portfolio routes POST /v1/portfolio should return 401 error if access token is missing","location":null,"status":"passed","title":"should return 401 error if access token is missing"},{"ancestorTitles":["Portfolio routes","POST /v1/portfolio"],"failureMessages":[],"fullName":"Portfolio routes POST /v1/portfolio should return 403 error if logged in user is not admin","location":null,"status":"passed","title":"should return 403 error if logged in user is not admin"},{"ancestorTitles":["Portfolio routes","GET /v1/portfolio"],"failureMessages":[],"fullName":"Portfolio routes GET /v1/portfolio should return 200 and apply the default query options","location":null,"status":"passed","title":"should return 200 and apply the default query options"},{"ancestorTitles":["Portfolio routes","GET /v1/portfolio"],"failureMessages":[],"fullName":"Portfolio routes GET /v1/portfolio should return 401 if access token is missing","location":null,"status":"passed","title":"should return 401 if access token is missing"},{"ancestorTitles":["Portfolio routes","GET /v1/portfolio"],"failureMessages":[],"fullName":"Portfolio routes GET /v1/portfolio should return 403 if a non-admin is trying to access all items","location":null,"status":"passed","title":"should return 403 if a non-admin is trying to access all items"},{"ancestorTitles":["Portfolio routes","GET /v1/portfolio"],"failureMessages":[],"fullName":"Portfolio routes GET /v1/portfolio should correctly apply filter on category field","location":null,"status":"passed","title":"should correctly apply filter on category field"},{"ancestorTitles":["Portfolio routes","GET /v1/portfolio"],"failureMessages":[],"fullName":"Portfolio routes GET /v1/portfolio should correctly sort returned array if descending sort param is specified","location":null,"status":"passed","title":"should correctly sort returned array if descending sort param is specified"},{"ancestorTitles":["Portfolio routes","GET /v1/portfolio"],"failureMessages":[],"fullName":"Portfolio routes GET /v1/portfolio should correctly sort returned array if ascending sort param is specified","location":null,"status":"passed","title":"should correctly sort returned array if ascending sort param is specified"},{"ancestorTitles":["Portfolio routes","GET /v1/portfolio"],"failureMessages":[],"fullName":"Portfolio routes GET /v1/portfolio should limit returned array if limit param is specified","location":null,"status":"passed","title":"should limit returned array if limit param is specified"},{"ancestorTitles":["Portfolio routes","GET /v1/portfolio"],"failureMessages":[],"fullName":"Portfolio routes GET /v1/portfolio should return the correct page if page and limit params are specified","location":null,"status":"passed","title":"should return the correct page if page and limit params are specified"},{"ancestorTitles":["Portfolio routes","GET /v1/portfolio/:itemId"],"failureMessages":[],"fullName":"Portfolio routes GET /v1/portfolio/:itemId should return 200 and the item object if data is ok","location":null,"status":"passed","title":"should return 200 and the item object if data is ok"},{"ancestorTitles":["Portfolio routes","GET /v1/portfolio/:itemId"],"failureMessages":[],"fullName":"Portfolio routes GET /v1/portfolio/:itemId should return 401 error if access token is missing","location":null,"status":"passed","title":"should return 401 error if access token is missing"},{"ancestorTitles":["Portfolio routes","GET /v1/portfolio/:itemId"],"failureMessages":[],"fullName":"Portfolio routes GET /v1/portfolio/:itemId should return 400 error if itemId is not a valid mongo id","location":null,"status":"passed","title":"should return 400 error if itemId is not a valid mongo id"},{"ancestorTitles":["Portfolio routes","GET /v1/portfolio/:itemId"],"failureMessages":[],"fullName":"Portfolio routes GET /v1/portfolio/:itemId should return 404 error if item is not found","location":null,"status":"passed","title":"should return 404 error if item is not found"},{"ancestorTitles":["Portfolio routes","DELETE /v1/portfolio/:itemId"],"failureMessages":[],"fullName":"Portfolio routes DELETE /v1/portfolio/:itemId should return 204 if data is ok","location":null,"status":"passed","title":"should return 204 if data is ok"},{"ancestorTitles":["Portfolio routes","DELETE /v1/portfolio/:itemId"],"failureMessages":[],"fullName":"Portfolio routes DELETE /v1/portfolio/:itemId should return 401 error if access token is missing","location":null,"status":"passed","title":"should return 401 error if access token is missing"},{"ancestorTitles":["Portfolio routes","DELETE /v1/portfolio/:itemId"],"failureMessages":[],"fullName":"Portfolio routes DELETE /v1/portfolio/:itemId should return 400 error if itemId is not a valid mongo id","location":null,"status":"passed","title":"should return 400 error if itemId is not a valid mongo id"},{"ancestorTitles":["Portfolio routes","DELETE /v1/portfolio/:itemId"],"failureMessages":[],"fullName":"Portfolio routes DELETE /v1/portfolio/:itemId should return 404 error if item is not found","location":null,"status":"passed","title":"should return 404 error if item is not found"},{"ancestorTitles":["Portfolio routes","PATCH /v1/portfolio/:itemId"],"failureMessages":[],"fullName":"Portfolio routes PATCH /v1/portfolio/:itemId should return 200 and successfully update item if data is ok","location":null,"status":"passed","title":"should return 200 and successfully update item if data is ok"},{"ancestorTitles":["Portfolio routes","PATCH /v1/portfolio/:itemId"],"failureMessages":[],"fullName":"Portfolio routes PATCH /v1/portfolio/:itemId should return 401 error if access token is missing","location":null,"status":"passed","title":"should return 401 error if access token is missing"},{"ancestorTitles":["Portfolio routes","PATCH /v1/portfolio/:itemId"],"failureMessages":[],"fullName":"Portfolio routes PATCH /v1/portfolio/:itemId should return 404 if admin is updating item that is not found","location":null,"status":"passed","title":"should return 404 if admin is updating item that is not found"},{"ancestorTitles":["Portfolio routes","PATCH /v1/portfolio/:itemId"],"failureMessages":[],"fullName":"Portfolio routes PATCH /v1/portfolio/:itemId should return 400 error if itemId is not a valid mongo id","location":null,"status":"passed","title":"should return 400 error if itemId is not a valid mongo id"}],"endTime":1604997252663,"message":"","name":"/home/linus/Desktop/Projects/Dev_Square_BE/tests/integration/portfolio.test.js","startTime":1604997251465,"status":"passed","summary":""},{"assertionResults":[{"ancestorTitles":["Portfolio model","Portfolio validation"],"failureMessages":[],"fullName":"Portfolio model Portfolio validation should correctly validate a valid portfolio item","location":null,"status":"passed","title":"should correctly validate a valid portfolio item"}],"endTime":1604997253141,"message":"","name":"/home/linus/Desktop/Projects/Dev_Square_BE/tests/unit/models/portfolio.model.test.js","startTime":1604997252680,"status":"passed","summary":""},{"assertionResults":[{"ancestorTitles":["User model","User validation"],"failureMessages":[],"fullName":"User model User validation should correctly validate a valid user","location":null,"status":"passed","title":"should correctly validate a valid user"},{"ancestorTitles":["User model","User validation"],"failureMessages":[],"fullName":"User model User validation should throw a validation error if email is invalid","location":null,"status":"passed","title":"should throw a validation error if email is invalid"},{"ancestorTitles":["User model","User validation"],"failureMessages":[],"fullName":"User model User validation should throw a validation error if password length is less than 8 characters","location":null,"status":"passed","title":"should throw a validation error if password length is less than 8 characters"},{"ancestorTitles":["User model","User validation"],"failureMessages":[],"fullName":"User model User validation should throw a validation error if password does not contain numbers","location":null,"status":"passed","title":"should throw a validation error if password does not contain numbers"},{"ancestorTitles":["User model","User validation"],"failureMessages":[],"fullName":"User model User validation should throw a validation error if password does not contain letters","location":null,"status":"passed","title":"should throw a validation error if password does not contain letters"},{"ancestorTitles":["User model","User validation"],"failureMessages":[],"fullName":"User model User validation should throw a validation error if role is unknown","location":null,"status":"passed","title":"should throw a validation error if role is unknown"},{"ancestorTitles":["User model","User validation"],"failureMessages":[],"fullName":"User model User validation should throw a validation error if status is unknown","location":null,"status":"passed","title":"should throw a validation error if status is unknown"},{"ancestorTitles":["User model","User toJSON()"],"failureMessages":[],"fullName":"User model User toJSON() should not return user password when toJSON is called","location":null,"status":"passed","title":"should not return user password when toJSON is called"}],"endTime":1604997253662,"message":"","name":"/home/linus/Desktop/Projects/Dev_Square_BE/tests/unit/models/user.model.test.js","startTime":1604997253147,"status":"passed","summary":""},{"assertionResults":[{"ancestorTitles":["Task model","Task validation"],"failureMessages":[],"fullName":"Task model Task validation should correctly validate a valid task","location":null,"status":"passed","title":"should correctly validate a valid task"},{"ancestorTitles":["Task model","Task validation"],"failureMessages":[],"fullName":"Task model Task validation should throw a validation error if difficulty is unknown","location":null,"status":"passed","title":"should throw a validation error if difficulty is unknown"}],"endTime":1604997254127,"message":"","name":"/home/linus/Desktop/Projects/Dev_Square_BE/tests/unit/models/task.model.test.js","startTime":1604997253668,"status":"passed","summary":""},{"assertionResults":[{"ancestorTitles":["toJSON plugin"],"failureMessages":[],"fullName":"toJSON plugin should replace _id with id","location":null,"status":"passed","title":"should replace _id with id"},{"ancestorTitles":["toJSON plugin"],"failureMessages":[],"fullName":"toJSON plugin should remove __v","location":null,"status":"passed","title":"should remove __v"},{"ancestorTitles":["toJSON plugin"],"failureMessages":[],"fullName":"toJSON plugin should remove createdAt and updatedAt","location":null,"status":"passed","title":"should remove createdAt and updatedAt"},{"ancestorTitles":["toJSON plugin"],"failureMessages":[],"fullName":"toJSON plugin should remove any path set as private","location":null,"status":"passed","title":"should remove any path set as private"},{"ancestorTitles":["toJSON plugin"],"failureMessages":[],"fullName":"toJSON plugin should also call the schema toJSON transform function","location":null,"status":"passed","title":"should also call the schema toJSON transform function"}],"endTime":1604997254391,"message":"","name":"/home/linus/Desktop/Projects/Dev_Square_BE/tests/unit/models/plugins/toJSON.plugin.test.js","startTime":1604997254132,"status":"passed","summary":""},{"assertionResults":[{"ancestorTitles":["Error middlewares","Error converter"],"failureMessages":[],"fullName":"Error middlewares Error converter should return the same ApiError object it was called with","location":null,"status":"passed","title":"should return the same ApiError object it was called with"},{"ancestorTitles":["Error middlewares","Error converter"],"failureMessages":[],"fullName":"Error middlewares Error converter should convert an Error to ApiError and preserve its status and message","location":null,"status":"passed","title":"should convert an Error to ApiError and preserve its status and message"},{"ancestorTitles":["Error middlewares","Error converter"],"failureMessages":[],"fullName":"Error middlewares Error converter should convert an Error without status to ApiError with status 500","location":null,"status":"passed","title":"should convert an Error without status to ApiError with status 500"},{"ancestorTitles":["Error middlewares","Error converter"],"failureMessages":[],"fullName":"Error middlewares Error converter should convert an Error without message to ApiError with default message of that http status","location":null,"status":"passed","title":"should convert an Error without message to ApiError with default message of that http status"},{"ancestorTitles":["Error middlewares","Error converter"],"failureMessages":[],"fullName":"Error middlewares Error converter should convert any other object to ApiError with status 500 and its message","location":null,"status":"passed","title":"should convert any other object to ApiError with status 500 and its message"},{"ancestorTitles":["Error middlewares","Error handler"],"failureMessages":[],"fullName":"Error middlewares Error handler should send proper error response and put the error message in res.locals","location":null,"status":"passed","title":"should send proper error response and put the error message in res.locals"},{"ancestorTitles":["Error middlewares","Error handler"],"failureMessages":[],"fullName":"Error middlewares Error handler should put the error stack in the response if in development mode","location":null,"status":"passed","title":"should put the error stack in the response if in development mode"},{"ancestorTitles":["Error middlewares","Error handler"],"failureMessages":[],"fullName":"Error middlewares Error handler should send internal server error status and message if in production mode and error is not operational","location":null,"status":"passed","title":"should send internal server error status and message if in production mode and error is not operational"},{"ancestorTitles":["Error middlewares","Error handler"],"failureMessages":[],"fullName":"Error middlewares Error handler should preserve original error status and message if in production mode and error is operational","location":null,"status":"passed","title":"should preserve original error status and message if in production mode and error is operational"}],"endTime":1604997254617,"message":"","name":"/home/linus/Desktop/Projects/Dev_Square_BE/tests/unit/middlewares/error.test.js","startTime":1604997254395,"status":"passed","summary":""}],"wasInterrupted":false,"coverageMap":{"/home/linus/Desktop/Projects/Dev_Square_BE/src/models/index.js":{"path":"/home/linus/Desktop/Projects/Dev_Square_BE/src/models/index.js","statementMap":{"0":{"start":{"line":1,"column":17},"end":{"line":1,"column":40}},"1":{"start":{"line":3,"column":0},"end":{"line":3,"column":48}},"2":{"start":{"line":4,"column":0},"end":{"line":4,"column":46}},"3":{"start":{"line":5,"column":0},"end":{"line":5,"column":26}},"4":{"start":{"line":6,"column":0},"end":{"line":6,"column":56}}},"fnMap":{},"branchMap":{},"s":{"0":7,"1":7,"2":7,"3":7,"4":7},"f":{},"b":{},"_coverageSchema":"1a1c01bbd47fc00a2c39e90264f33305004495a9","hash":"0c7ee871c3037c5a2abf82004d6a52d4c8da1182"},"/home/linus/Desktop/Projects/Dev_Square_BE/src/models/task.model.js":{"path":"/home/linus/Desktop/Projects/Dev_Square_BE/src/models/task.model.js","statementMap":{"0":{"start":{"line":1,"column":17},"end":{"line":1,"column":36}},"1":{"start":{"line":2,"column":18},"end":{"line":2,"column":38}},"2":{"start":{"line":3,"column":15},"end":{"line":3,"column":34}},"3":{"start":{"line":4,"column":29},"end":{"line":4,"column":49}},"4":{"start":{"line":5,"column":18},"end":{"line":5,"column":44}},"5":{"start":{"line":7,"column":19},"end":{"line":38,"column":1}},"6":{"start":{"line":41,"column":0},"end":{"line":41,"column":26}},"7":{"start":{"line":42,"column":0},"end":{"line":42,"column":28}},"8":{"start":{"line":47,"column":13},"end":{"line":47,"column":47}},"9":{"start":{"line":49,"column":0},"end":{"line":49,"column":39}},"10":{"start":{"line":50,"column":0},"end":{"line":50,"column":27}}},"fnMap":{},"branchMap":{},"s":{"0":7,"1":7,"2":7,"3":7,"4":7,"5":7,"6":7,"7":7,"8":7,"9":7,"10":7},"f":{},"b":{},"_coverageSchema":"1a1c01bbd47fc00a2c39e90264f33305004495a9","hash":"8877f83c6b24d3871b6240a7a0cffdfc6e976171"},"/home/linus/Desktop/Projects/Dev_Square_BE/src/models/plugins/index.js":{"path":"/home/linus/Desktop/Projects/Dev_Square_BE/src/models/plugins/index.js","statementMap":{"0":{"start":{"line":1,"column":0},"end":{"line":1,"column":51}},"1":{"start":{"line":2,"column":0},"end":{"line":2,"column":55}}},"fnMap":{},"branchMap":{},"s":{"0":8,"1":8},"f":{},"b":{},"_coverageSchema":"1a1c01bbd47fc00a2c39e90264f33305004495a9","hash":"98145c20c6beb7580742ea420d4db3e7dc4dd0d9"},"/home/linus/Desktop/Projects/Dev_Square_BE/src/models/plugins/toJSON.plugin.js":{"path":"/home/linus/Desktop/Projects/Dev_Square_BE/src/models/plugins/toJSON.plugin.js","statementMap":{"0":{"start":{"line":8,"column":15},"end":{"line":32,"column":1}},"1":{"start":{"line":10,"column":2},"end":{"line":12,"column":3}},"2":{"start":{"line":11,"column":4},"end":{"line":11,"column":48}},"3":{"start":{"line":14,"column":2},"end":{"line":31,"column":5}},"4":{"start":{"line":16,"column":6},"end":{"line":20,"column":9}},"5":{"start":{"line":17,"column":8},"end":{"line":19,"column":9}},"6":{"start":{"line":18,"column":10},"end":{"line":18,"column":27}},"7":{"start":{"line":22,"column":6},"end":{"line":22,"column":34}},"8":{"start":{"line":23,"column":6},"end":{"line":23,"column":21}},"9":{"start":{"line":24,"column":6},"end":{"line":24,"column":21}},"10":{"start":{"line":25,"column":6},"end":{"line":25,"column":27}},"11":{"start":{"line":26,"column":6},"end":{"line":26,"column":27}},"12":{"start":{"line":27,"column":6},"end":{"line":29,"column":7}},"13":{"start":{"line":28,"column":8},"end":{"line":28,"column":44}},"14":{"start":{"line":34,"column":0},"end":{"line":34,"column":24}}},"fnMap":{"0":{"name":"(anonymous_0)","decl":{"start":{"line":8,"column":15},"end":{"line":8,"column":16}},"loc":{"start":{"line":8,"column":27},"end":{"line":32,"column":1}},"line":8},"1":{"name":"(anonymous_1)","decl":{"start":{"line":15,"column":4},"end":{"line":15,"column":5}},"loc":{"start":{"line":15,"column":33},"end":{"line":30,"column":5}},"line":15},"2":{"name":"(anonymous_2)","decl":{"start":{"line":16,"column":40},"end":{"line":16,"column":41}},"loc":{"start":{"line":16,"column":50},"end":{"line":20,"column":7}},"line":16}},"branchMap":{"0":{"loc":{"start":{"line":10,"column":2},"end":{"line":12,"column":3}},"type":"if","locations":[{"start":{"line":10,"column":2},"end":{"line":12,"column":3}},{"start":{"line":10,"column":2},"end":{"line":12,"column":3}}],"line":10},"1":{"loc":{"start":{"line":10,"column":6},"end":{"line":10,"column":62}},"type":"binary-expr","locations":[{"start":{"line":10,"column":6},"end":{"line":10,"column":27}},{"start":{"line":10,"column":31},"end":{"line":10,"column":62}}],"line":10},"2":{"loc":{"start":{"line":14,"column":40},"end":{"line":14,"column":67}},"type":"binary-expr","locations":[{"start":{"line":14,"column":40},"end":{"line":14,"column":61}},{"start":{"line":14,"column":65},"end":{"line":14,"column":67}}],"line":14},"3":{"loc":{"start":{"line":17,"column":8},"end":{"line":19,"column":9}},"type":"if","locations":[{"start":{"line":17,"column":8},"end":{"line":19,"column":9}},{"start":{"line":17,"column":8},"end":{"line":19,"column":9}}],"line":17},"4":{"loc":{"start":{"line":17,"column":12},"end":{"line":17,"column":76}},"type":"binary-expr","locations":[{"start":{"line":17,"column":12},"end":{"line":17,"column":38}},{"start":{"line":17,"column":42},"end":{"line":17,"column":76}}],"line":17},"5":{"loc":{"start":{"line":27,"column":6},"end":{"line":29,"column":7}},"type":"if","locations":[{"start":{"line":27,"column":6},"end":{"line":29,"column":7}},{"start":{"line":27,"column":6},"end":{"line":29,"column":7}}],"line":27}},"s":{"0":8,"1":33,"2":1,"3":33,"4":76,"5":695,"6":33,"7":76,"8":76,"9":76,"10":76,"11":76,"12":76,"13":2,"14":8},"f":{"0":33,"1":76,"2":695},"b":{"0":[1,32],"1":[33,1],"2":[33,32],"3":[33,662],"4":[695,695],"5":[2,74]},"_coverageSchema":"1a1c01bbd47fc00a2c39e90264f33305004495a9","hash":"1f3a5802ae1532f4331bc6ba4c0f9546e43b6319"},"/home/linus/Desktop/Projects/Dev_Square_BE/src/models/plugins/paginate.plugin.js":{"path":"/home/linus/Desktop/Projects/Dev_Square_BE/src/models/plugins/paginate.plugin.js","statementMap":{"0":{"start":{"line":3,"column":17},"end":{"line":47,"column":1}},"1":{"start":{"line":21,"column":2},"end":{"line":46,"column":4}},"2":{"start":{"line":22,"column":17},"end":{"line":22,"column":19}},"3":{"start":{"line":23,"column":4},"end":{"line":26,"column":5}},"4":{"start":{"line":24,"column":20},"end":{"line":24,"column":45}},"5":{"start":{"line":25,"column":6},"end":{"line":25,"column":52}},"6":{"start":{"line":27,"column":18},"end":{"line":27,"column":101}},"7":{"start":{"line":28,"column":17},"end":{"line":28,"column":96}},"8":{"start":{"line":29,"column":17},"end":{"line":29,"column":35}},"9":{"start":{"line":31,"column":25},"end":{"line":31,"column":59}},"10":{"start":{"line":32,"column":24},"end":{"line":32,"column":83}},"11":{"start":{"line":34,"column":4},"end":{"line":45,"column":7}},"12":{"start":{"line":35,"column":38},"end":{"line":35,"column":44}},"13":{"start":{"line":36,"column":25},"end":{"line":36,"column":56}},"14":{"start":{"line":37,"column":21},"end":{"line":43,"column":7}},"15":{"start":{"line":44,"column":6},"end":{"line":44,"column":37}},"16":{"start":{"line":49,"column":0},"end":{"line":49,"column":26}}},"fnMap":{"0":{"name":"(anonymous_0)","decl":{"start":{"line":3,"column":17},"end":{"line":3,"column":18}},"loc":{"start":{"line":3,"column":29},"end":{"line":47,"column":1}},"line":3},"1":{"name":"(anonymous_1)","decl":{"start":{"line":21,"column":28},"end":{"line":21,"column":29}},"loc":{"start":{"line":21,"column":61},"end":{"line":46,"column":3}},"line":21},"2":{"name":"(anonymous_2)","decl":{"start":{"line":34,"column":57},"end":{"line":34,"column":58}},"loc":{"start":{"line":34,"column":69},"end":{"line":45,"column":5}},"line":34}},"branchMap":{"0":{"loc":{"start":{"line":23,"column":4},"end":{"line":26,"column":5}},"type":"if","locations":[{"start":{"line":23,"column":4},"end":{"line":26,"column":5}},{"start":{"line":23,"column":4},"end":{"line":26,"column":5}}],"line":23},"1":{"loc":{"start":{"line":25,"column":23},"end":{"line":25,"column":51}},"type":"cond-expr","locations":[{"start":{"line":25,"column":45},"end":{"line":25,"column":47}},{"start":{"line":25,"column":50},"end":{"line":25,"column":51}}],"line":25},"2":{"loc":{"start":{"line":27,"column":18},"end":{"line":27,"column":101}},"type":"cond-expr","locations":[{"start":{"line":27,"column":69},"end":{"line":27,"column":96}},{"start":{"line":27,"column":99},"end":{"line":27,"column":101}}],"line":27},"3":{"loc":{"start":{"line":27,"column":18},"end":{"line":27,"column":66}},"type":"binary-expr","locations":[{"start":{"line":27,"column":18},"end":{"line":27,"column":31}},{"start":{"line":27,"column":35},"end":{"line":27,"column":66}}],"line":27},"4":{"loc":{"start":{"line":28,"column":17},"end":{"line":28,"column":96}},"type":"cond-expr","locations":[{"start":{"line":28,"column":66},"end":{"line":28,"column":92}},{"start":{"line":28,"column":95},"end":{"line":28,"column":96}}],"line":28},"5":{"loc":{"start":{"line":28,"column":17},"end":{"line":28,"column":63}},"type":"binary-expr","locations":[{"start":{"line":28,"column":17},"end":{"line":28,"column":29}},{"start":{"line":28,"column":33},"end":{"line":28,"column":63}}],"line":28}},"s":{"0":8,"1":21,"2":20,"3":20,"4":6,"5":6,"6":20,"7":20,"8":20,"9":20,"10":20,"11":20,"12":20,"13":20,"14":20,"15":20,"16":8},"f":{"0":21,"1":20,"2":20},"b":{"0":[6,14],"1":[3,3],"2":[6,14],"3":[20,6],"4":[3,17],"5":[20,3]},"_coverageSchema":"1a1c01bbd47fc00a2c39e90264f33305004495a9","hash":"f66cb42ef63202db82ab09adb21845d651eb5010"},"/home/linus/Desktop/Projects/Dev_Square_BE/src/models/token.model.js":{"path":"/home/linus/Desktop/Projects/Dev_Square_BE/src/models/token.model.js","statementMap":{"0":{"start":{"line":1,"column":17},"end":{"line":1,"column":36}},"1":{"start":{"line":2,"column":19},"end":{"line":2,"column":39}},"2":{"start":{"line":3,"column":23},"end":{"line":3,"column":50}},"3":{"start":{"line":5,"column":20},"end":{"line":34,"column":1}},"4":{"start":{"line":37,"column":0},"end":{"line":37,"column":27}},"5":{"start":{"line":42,"column":14},"end":{"line":42,"column":50}},"6":{"start":{"line":44,"column":0},"end":{"line":44,"column":23}}},"fnMap":{},"branchMap":{},"s":{"0":7,"1":7,"2":7,"3":7,"4":7,"5":7,"6":7},"f":{},"b":{},"_coverageSchema":"1a1c01bbd47fc00a2c39e90264f33305004495a9","hash":"8ea0d4a90109e6d1ea95918bb57d757ad9f47e31"},"/home/linus/Desktop/Projects/Dev_Square_BE/src/models/user.model.js":{"path":"/home/linus/Desktop/Projects/Dev_Square_BE/src/models/user.model.js","statementMap":{"0":{"start":{"line":1,"column":17},"end":{"line":1,"column":36}},"1":{"start":{"line":2,"column":18},"end":{"line":2,"column":38}},"2":{"start":{"line":3,"column":15},"end":{"line":3,"column":34}},"3":{"start":{"line":4,"column":29},"end":{"line":4,"column":49}},"4":{"start":{"line":5,"column":18},"end":{"line":5,"column":44}},"5":{"start":{"line":6,"column":23},"end":{"line":6,"column":46}},"6":{"start":{"line":8,"column":19},"end":{"line":8,"column":39}},"7":{"start":{"line":10,"column":19},"end":{"line":65,"column":1}},"8":{"start":{"line":24,"column":8},"end":{"line":26,"column":9}},"9":{"start":{"line":25,"column":10},"end":{"line":25,"column":43}},"10":{"start":{"line":35,"column":8},"end":{"line":37,"column":9}},"11":{"start":{"line":36,"column":10},"end":{"line":36,"column":86}},"12":{"start":{"line":68,"column":0},"end":{"line":68,"column":26}},"13":{"start":{"line":69,"column":0},"end":{"line":69,"column":28}},"14":{"start":{"line":77,"column":0},"end":{"line":80,"column":2}},"15":{"start":{"line":78,"column":15},"end":{"line":78,"column":73}},"16":{"start":{"line":79,"column":2},"end":{"line":79,"column":16}},"17":{"start":{"line":87,"column":0},"end":{"line":90,"column":2}},"18":{"start":{"line":88,"column":15},"end":{"line":88,"column":19}},"19":{"start":{"line":89,"column":2},"end":{"line":89,"column":49}},"20":{"start":{"line":92,"column":0},"end":{"line":98,"column":3}},"21":{"start":{"line":93,"column":15},"end":{"line":93,"column":19}},"22":{"start":{"line":94,"column":2},"end":{"line":96,"column":3}},"23":{"start":{"line":95,"column":4},"end":{"line":95,"column":56}},"24":{"start":{"line":97,"column":2},"end":{"line":97,"column":9}},"25":{"start":{"line":103,"column":13},"end":{"line":103,"column":47}},"26":{"start":{"line":105,"column":0},"end":{"line":105,"column":22}}},"fnMap":{"0":{"name":"(anonymous_0)","decl":{"start":{"line":23,"column":6},"end":{"line":23,"column":7}},"loc":{"start":{"line":23,"column":22},"end":{"line":27,"column":7}},"line":23},"1":{"name":"(anonymous_1)","decl":{"start":{"line":34,"column":6},"end":{"line":34,"column":7}},"loc":{"start":{"line":34,"column":22},"end":{"line":38,"column":7}},"line":34},"2":{"name":"(anonymous_2)","decl":{"start":{"line":77,"column":34},"end":{"line":77,"column":35}},"loc":{"start":{"line":77,"column":72},"end":{"line":80,"column":1}},"line":77},"3":{"name":"(anonymous_3)","decl":{"start":{"line":87,"column":37},"end":{"line":87,"column":38}},"loc":{"start":{"line":87,"column":63},"end":{"line":90,"column":1}},"line":87},"4":{"name":"(anonymous_4)","decl":{"start":{"line":92,"column":23},"end":{"line":92,"column":24}},"loc":{"start":{"line":92,"column":45},"end":{"line":98,"column":1}},"line":92}},"branchMap":{"0":{"loc":{"start":{"line":24,"column":8},"end":{"line":26,"column":9}},"type":"if","locations":[{"start":{"line":24,"column":8},"end":{"line":26,"column":9}},{"start":{"line":24,"column":8},"end":{"line":26,"column":9}}],"line":24},"1":{"loc":{"start":{"line":35,"column":8},"end":{"line":37,"column":9}},"type":"if","locations":[{"start":{"line":35,"column":8},"end":{"line":37,"column":9}},{"start":{"line":35,"column":8},"end":{"line":37,"column":9}}],"line":35},"2":{"loc":{"start":{"line":35,"column":12},"end":{"line":35,"column":58}},"type":"binary-expr","locations":[{"start":{"line":35,"column":12},"end":{"line":35,"column":30}},{"start":{"line":35,"column":34},"end":{"line":35,"column":58}}],"line":35},"3":{"loc":{"start":{"line":94,"column":2},"end":{"line":96,"column":3}},"type":"if","locations":[{"start":{"line":94,"column":2},"end":{"line":96,"column":3}},{"start":{"line":94,"column":2},"end":{"line":96,"column":3}}],"line":94}},"s":{"0":7,"1":7,"2":7,"3":7,"4":7,"5":7,"6":7,"7":7,"8":192,"9":1,"10":191,"11":2,"12":7,"13":7,"14":7,"15":8,"16":8,"17":7,"18":2,"19":2,"20":7,"21":13,"22":13,"23":5,"24":13,"25":7,"26":7},"f":{"0":192,"1":191,"2":8,"3":2,"4":13},"b":{"0":[1,191],"1":[2,189],"2":[191,190],"3":[5,8]},"_coverageSchema":"1a1c01bbd47fc00a2c39e90264f33305004495a9","hash":"4cb3bef61c05cc0f5341c9d36b1cf10189748fd8"},"/home/linus/Desktop/Projects/Dev_Square_BE/src/models/portfolio.model.js":{"path":"/home/linus/Desktop/Projects/Dev_Square_BE/src/models/portfolio.model.js","statementMap":{"0":{"start":{"line":1,"column":17},"end":{"line":1,"column":36}},"1":{"start":{"line":2,"column":18},"end":{"line":2,"column":38}},"2":{"start":{"line":3,"column":15},"end":{"line":3,"column":34}},"3":{"start":{"line":4,"column":29},"end":{"line":4,"column":49}},"4":{"start":{"line":5,"column":18},"end":{"line":5,"column":44}},"5":{"start":{"line":6,"column":13},"end":{"line":6,"column":30}},"6":{"start":{"line":8,"column":24},"end":{"line":38,"column":1}},"7":{"start":{"line":41,"column":0},"end":{"line":41,"column":31}},"8":{"start":{"line":42,"column":0},"end":{"line":42,"column":33}},"9":{"start":{"line":47,"column":18},"end":{"line":47,"column":62}},"10":{"start":{"line":49,"column":0},"end":{"line":49,"column":27}}},"fnMap":{},"branchMap":{},"s":{"0":7,"1":7,"2":7,"3":7,"4":7,"5":7,"6":7,"7":7,"8":7,"9":7,"10":7},"f":{},"b":{},"_coverageSchema":"1a1c01bbd47fc00a2c39e90264f33305004495a9","hash":"2e72ade7147949e084cf7cba2776e8b32455f63b"},"/home/linus/Desktop/Projects/Dev_Square_BE/src/middlewares/rateLimiter.js":{"path":"/home/linus/Desktop/Projects/Dev_Square_BE/src/middlewares/rateLimiter.js","statementMap":{"0":{"start":{"line":1,"column":18},"end":{"line":1,"column":47}},"1":{"start":{"line":3,"column":20},"end":{"line":7,"column":2}},"2":{"start":{"line":9,"column":0},"end":{"line":11,"column":2}}},"fnMap":{},"branchMap":{},"s":{"0":4,"1":4,"2":4},"f":{},"b":{},"_coverageSchema":"1a1c01bbd47fc00a2c39e90264f33305004495a9","hash":"96183ac5dc44cc5a41886b837db425a9aa43f9e9"},"/home/linus/Desktop/Projects/Dev_Square_BE/src/routes/v1/index.js":{"path":"/home/linus/Desktop/Projects/Dev_Square_BE/src/routes/v1/index.js","statementMap":{"0":{"start":{"line":1,"column":16},"end":{"line":1,"column":34}},"1":{"start":{"line":2,"column":18},"end":{"line":2,"column":41}},"2":{"start":{"line":3,"column":18},"end":{"line":3,"column":41}},"3":{"start":{"line":4,"column":18},"end":{"line":4,"column":41}},"4":{"start":{"line":5,"column":18},"end":{"line":5,"column":41}},"5":{"start":{"line":6,"column":23},"end":{"line":6,"column":51}},"6":{"start":{"line":8,"column":15},"end":{"line":8,"column":31}},"7":{"start":{"line":10,"column":0},"end":{"line":10,"column":31}},"8":{"start":{"line":11,"column":0},"end":{"line":11,"column":32}},"9":{"start":{"line":12,"column":0},"end":{"line":12,"column":31}},"10":{"start":{"line":13,"column":0},"end":{"line":13,"column":32}},"11":{"start":{"line":14,"column":0},"end":{"line":14,"column":41}},"12":{"start":{"line":16,"column":0},"end":{"line":16,"column":24}}},"fnMap":{},"branchMap":{},"s":{"0":4,"1":4,"2":4,"3":4,"4":4,"5":4,"6":4,"7":4,"8":4,"9":4,"10":4,"11":4,"12":4},"f":{},"b":{},"_coverageSchema":"1a1c01bbd47fc00a2c39e90264f33305004495a9","hash":"641470196af327b7449f885e22f4f4470f36b911"},"/home/linus/Desktop/Projects/Dev_Square_BE/src/routes/v1/auth.route.js":{"path":"/home/linus/Desktop/Projects/Dev_Square_BE/src/routes/v1/auth.route.js","statementMap":{"0":{"start":{"line":1,"column":16},"end":{"line":1,"column":34}},"1":{"start":{"line":2,"column":17},"end":{"line":2,"column":54}},"2":{"start":{"line":3,"column":23},"end":{"line":3,"column":67}},"3":{"start":{"line":4,"column":23},"end":{"line":4,"column":67}},"4":{"start":{"line":6,"column":15},"end":{"line":6,"column":31}},"5":{"start":{"line":8,"column":0},"end":{"line":8,"column":85}},"6":{"start":{"line":9,"column":0},"end":{"line":9,"column":76}},"7":{"start":{"line":10,"column":0},"end":{"line":10,"column":79}},"8":{"start":{"line":11,"column":0},"end":{"line":11,"column":101}},"9":{"start":{"line":12,"column":0},"end":{"line":12,"column":104}},"10":{"start":{"line":13,"column":0},"end":{"line":13,"column":101}},"11":{"start":{"line":15,"column":0},"end":{"line":15,"column":24}}},"fnMap":{},"branchMap":{},"s":{"0":4,"1":4,"2":4,"3":4,"4":4,"5":4,"6":4,"7":4,"8":4,"9":4,"10":4,"11":4},"f":{},"b":{},"_coverageSchema":"1a1c01bbd47fc00a2c39e90264f33305004495a9","hash":"bec496a1ee9587fc92d81b8b5451e3d81cdd1c17"},"/home/linus/Desktop/Projects/Dev_Square_BE/src/middlewares/validate.js":{"path":"/home/linus/Desktop/Projects/Dev_Square_BE/src/middlewares/validate.js","statementMap":{"0":{"start":{"line":1,"column":12},"end":{"line":1,"column":32}},"1":{"start":{"line":2,"column":19},"end":{"line":2,"column":41}},"2":{"start":{"line":3,"column":13},"end":{"line":3,"column":37}},"3":{"start":{"line":4,"column":17},"end":{"line":4,"column":45}},"4":{"start":{"line":6,"column":17},"end":{"line":19,"column":1}},"5":{"start":{"line":6,"column":29},"end":{"line":19,"column":1}},"6":{"start":{"line":7,"column":22},"end":{"line":7,"column":63}},"7":{"start":{"line":8,"column":17},"end":{"line":8,"column":52}},"8":{"start":{"line":9,"column":27},"end":{"line":11,"column":21}},"9":{"start":{"line":13,"column":2},"end":{"line":16,"column":3}},"10":{"start":{"line":14,"column":25},"end":{"line":14,"column":83}},"11":{"start":{"line":14,"column":56},"end":{"line":14,"column":71}},"12":{"start":{"line":15,"column":4},"end":{"line":15,"column":68}},"13":{"start":{"line":17,"column":2},"end":{"line":17,"column":28}},"14":{"start":{"line":18,"column":2},"end":{"line":18,"column":16}},"15":{"start":{"line":21,"column":0},"end":{"line":21,"column":26}}},"fnMap":{"0":{"name":"(anonymous_0)","decl":{"start":{"line":6,"column":17},"end":{"line":6,"column":18}},"loc":{"start":{"line":6,"column":29},"end":{"line":19,"column":1}},"line":6},"1":{"name":"(anonymous_1)","decl":{"start":{"line":6,"column":29},"end":{"line":6,"column":30}},"loc":{"start":{"line":6,"column":49},"end":{"line":19,"column":1}},"line":6},"2":{"name":"(anonymous_2)","decl":{"start":{"line":14,"column":43},"end":{"line":14,"column":44}},"loc":{"start":{"line":14,"column":56},"end":{"line":14,"column":71}},"line":14}},"branchMap":{"0":{"loc":{"start":{"line":13,"column":2},"end":{"line":16,"column":3}},"type":"if","locations":[{"start":{"line":13,"column":2},"end":{"line":16,"column":3}},{"start":{"line":13,"column":2},"end":{"line":16,"column":3}}],"line":13}},"s":{"0":4,"1":4,"2":4,"3":4,"4":4,"5":96,"6":119,"7":119,"8":119,"9":119,"10":39,"11":39,"12":39,"13":80,"14":80,"15":4},"f":{"0":96,"1":119,"2":39},"b":{"0":[39,80]},"_coverageSchema":"1a1c01bbd47fc00a2c39e90264f33305004495a9","hash":"54e743b7d8683b61f0d09e5e2d8b90c3b0a67c2f"},"/home/linus/Desktop/Projects/Dev_Square_BE/src/utils/pick.js":{"path":"/home/linus/Desktop/Projects/Dev_Square_BE/src/utils/pick.js","statementMap":{"0":{"start":{"line":7,"column":13},"end":{"line":15,"column":1}},"1":{"start":{"line":8,"column":2},"end":{"line":14,"column":9}},"2":{"start":{"line":9,"column":4},"end":{"line":12,"column":5}},"3":{"start":{"line":11,"column":6},"end":{"line":11,"column":29}},"4":{"start":{"line":13,"column":4},"end":{"line":13,"column":15}},"5":{"start":{"line":17,"column":0},"end":{"line":17,"column":22}}},"fnMap":{"0":{"name":"(anonymous_0)","decl":{"start":{"line":7,"column":13},"end":{"line":7,"column":14}},"loc":{"start":{"line":7,"column":31},"end":{"line":15,"column":1}},"line":7},"1":{"name":"(anonymous_1)","decl":{"start":{"line":8,"column":21},"end":{"line":8,"column":22}},"loc":{"start":{"line":8,"column":35},"end":{"line":14,"column":3}},"line":8}},"branchMap":{"0":{"loc":{"start":{"line":9,"column":4},"end":{"line":12,"column":5}},"type":"if","locations":[{"start":{"line":9,"column":4},"end":{"line":12,"column":5}},{"start":{"line":9,"column":4},"end":{"line":12,"column":5}}],"line":9},"1":{"loc":{"start":{"line":9,"column":8},"end":{"line":9,"column":67}},"type":"binary-expr","locations":[{"start":{"line":9,"column":8},"end":{"line":9,"column":14}},{"start":{"line":9,"column":18},"end":{"line":9,"column":67}}],"line":9}},"s":{"0":4,"1":278,"2":610,"3":338,"4":610,"5":4},"f":{"0":278,"1":610},"b":{"0":[338,272],"1":[610,610]},"_coverageSchema":"1a1c01bbd47fc00a2c39e90264f33305004495a9","hash":"06c8cb9902e3b2cbaa6ae229ff53b0baffcba968"},"/home/linus/Desktop/Projects/Dev_Square_BE/src/utils/ApiError.js":{"path":"/home/linus/Desktop/Projects/Dev_Square_BE/src/utils/ApiError.js","statementMap":{"0":{"start":{"line":3,"column":4},"end":{"line":3,"column":19}},"1":{"start":{"line":4,"column":4},"end":{"line":4,"column":33}},"2":{"start":{"line":5,"column":4},"end":{"line":5,"column":39}},"3":{"start":{"line":6,"column":4},"end":{"line":10,"column":5}},"4":{"start":{"line":7,"column":6},"end":{"line":7,"column":25}},"5":{"start":{"line":9,"column":6},"end":{"line":9,"column":54}},"6":{"start":{"line":14,"column":0},"end":{"line":14,"column":26}}},"fnMap":{"0":{"name":"(anonymous_0)","decl":{"start":{"line":2,"column":2},"end":{"line":2,"column":3}},"loc":{"start":{"line":2,"column":69},"end":{"line":11,"column":3}},"line":2}},"branchMap":{"0":{"loc":{"start":{"line":2,"column":35},"end":{"line":2,"column":55}},"type":"default-arg","locations":[{"start":{"line":2,"column":51},"end":{"line":2,"column":55}}],"line":2},"1":{"loc":{"start":{"line":2,"column":57},"end":{"line":2,"column":67}},"type":"default-arg","locations":[{"start":{"line":2,"column":65},"end":{"line":2,"column":67}}],"line":2},"2":{"loc":{"start":{"line":6,"column":4},"end":{"line":10,"column":5}},"type":"if","locations":[{"start":{"line":6,"column":4},"end":{"line":10,"column":5}},{"start":{"line":6,"column":4},"end":{"line":10,"column":5}}],"line":6}},"s":{"0":114,"1":114,"2":114,"3":114,"4":3,"5":111,"6":5},"f":{"0":114},"b":{"0":[109],"1":[111],"2":[3,111]},"_coverageSchema":"1a1c01bbd47fc00a2c39e90264f33305004495a9","hash":"fa706575f2e79432ee74664b840a6f66612f94c4"},"/home/linus/Desktop/Projects/Dev_Square_BE/src/validations/auth.validation.js":{"path":"/home/linus/Desktop/Projects/Dev_Square_BE/src/validations/auth.validation.js","statementMap":{"0":{"start":{"line":1,"column":12},"end":{"line":1,"column":32}},"1":{"start":{"line":2,"column":21},"end":{"line":2,"column":51}},"2":{"start":{"line":4,"column":17},"end":{"line":10,"column":1}},"3":{"start":{"line":12,"column":14},"end":{"line":17,"column":1}},"4":{"start":{"line":19,"column":15},"end":{"line":23,"column":1}},"5":{"start":{"line":25,"column":22},"end":{"line":29,"column":1}},"6":{"start":{"line":31,"column":23},"end":{"line":35,"column":1}},"7":{"start":{"line":37,"column":22},"end":{"line":44,"column":1}},"8":{"start":{"line":46,"column":0},"end":{"line":53,"column":2}}},"fnMap":{},"branchMap":{},"s":{"0":4,"1":4,"2":4,"3":4,"4":4,"5":4,"6":4,"7":4,"8":4},"f":{},"b":{},"_coverageSchema":"1a1c01bbd47fc00a2c39e90264f33305004495a9","hash":"be95a3569c907b80524460f5b53854221a276c37"},"/home/linus/Desktop/Projects/Dev_Square_BE/src/validations/custom.validation.js":{"path":"/home/linus/Desktop/Projects/Dev_Square_BE/src/validations/custom.validation.js","statementMap":{"0":{"start":{"line":1,"column":17},"end":{"line":6,"column":1}},"1":{"start":{"line":2,"column":2},"end":{"line":4,"column":3}},"2":{"start":{"line":3,"column":4},"end":{"line":3,"column":68}},"3":{"start":{"line":5,"column":2},"end":{"line":5,"column":15}},"4":{"start":{"line":8,"column":17},"end":{"line":16,"column":1}},"5":{"start":{"line":9,"column":2},"end":{"line":11,"column":3}},"6":{"start":{"line":10,"column":4},"end":{"line":10,"column":69}},"7":{"start":{"line":12,"column":2},"end":{"line":14,"column":3}},"8":{"start":{"line":13,"column":4},"end":{"line":13,"column":83}},"9":{"start":{"line":15,"column":2},"end":{"line":15,"column":15}},"10":{"start":{"line":18,"column":0},"end":{"line":21,"column":2}}},"fnMap":{"0":{"name":"(anonymous_0)","decl":{"start":{"line":1,"column":17},"end":{"line":1,"column":18}},"loc":{"start":{"line":1,"column":37},"end":{"line":6,"column":1}},"line":1},"1":{"name":"(anonymous_1)","decl":{"start":{"line":8,"column":17},"end":{"line":8,"column":18}},"loc":{"start":{"line":8,"column":37},"end":
[...]
"column":1}},"line":12},"2":{"name":"(anonymous_2)","decl":{"start":{"line":19,"column":27},"end":{"line":19,"column":28}},"loc":{"start":{"line":19,"column":47},"end":{"line":25,"column":1}},"line":19},"3":{"name":"(anonymous_3)","decl":{"start":{"line":27,"column":30},"end":{"line":27,"column":31}},"loc":{"start":{"line":27,"column":50},"end":{"line":30,"column":1}},"line":27},"4":{"name":"(anonymous_4)","decl":{"start":{"line":32,"column":30},"end":{"line":32,"column":31}},"loc":{"start":{"line":32,"column":50},"end":{"line":35,"column":1}},"line":32},"5":{"name":"(anonymous_5)","decl":{"start":{"line":37,"column":33},"end":{"line":37,"column":34}},"loc":{"start":{"line":37,"column":53},"end":{"line":40,"column":1}},"line":37},"6":{"name":"(anonymous_6)","decl":{"start":{"line":42,"column":32},"end":{"line":42,"column":33}},"loc":{"start":{"line":42,"column":52},"end":{"line":45,"column":1}},"line":42},"7":{"name":"(anonymous_7)","decl":{"start":{"line":47,"column":36},"end":{"line":47,"column":37}},"loc":{"start":{"line":47,"column":56},"end":{"line":50,"column":1}},"line":47}},"branchMap":{"0":{"loc":{"start":{"line":21,"column":2},"end":{"line":23,"column":3}},"type":"if","locations":[{"start":{"line":21,"column":2},"end":{"line":23,"column":3}},{"start":{"line":21,"column":2},"end":{"line":23,"column":3}}],"line":21}},"s":{"0":4,"1":4,"2":4,"3":4,"4":4,"5":4,"6":3,"7":2,"8":4,"9":7,"10":7,"11":7,"12":7,"13":4,"14":3,"15":3,"16":1,"17":2,"18":4,"19":5,"20":3,"21":4,"22":3,"23":2,"24":4,"25":5,"26":3,"27":4,"28":3,"29":2,"30":4,"31":4,"32":3,"33":4},"f":{"0":3,"1":7,"2":3,"3":5,"4":3,"5":5,"6":3,"7":4},"b":{"0":[1,2]},"_coverageSchema":"1a1c01bbd47fc00a2c39e90264f33305004495a9","hash":"0fa9f18e7187f5fc63d79695c2f2148889f8d26f"},"/home/linus/Desktop/Projects/Dev_Square_BE/src/routes/v1/docs.route.js":{"path":"/home/linus/Desktop/Projects/Dev_Square_BE/src/routes/v1/docs.route.js","statementMap":{"0":{"start":{"line":1,"column":16},"end":{"line":1,"column":34}},"1":{"start":{"line":2,"column":21},"end":{"line":2,"column":45}},"2":{"start":{"line":3,"column":18},"end":{"line":3,"column":47}},"3":{"start":{"line":4,"column":26},"end":{"line":4,"column":58}},"4":{"start":{"line":6,"column":15},"end":{"line":6,"column":31}},"5":{"start":{"line":8,"column":14},"end":{"line":11,"column":2}},"6":{"start":{"line":13,"column":0},"end":{"line":13,"column":33}},"7":{"start":{"line":14,"column":0},"end":{"line":19,"column":2}},"8":{"start":{"line":21,"column":0},"end":{"line":21,"column":24}}},"fnMap":{},"branchMap":{},"s":{"0":4,"1":4,"2":4,"3":4,"4":4,"5":4,"6":4,"7":4,"8":4},"f":{},"b":{},"_coverageSchema":"1a1c01bbd47fc00a2c39e90264f33305004495a9","hash":"922a8525ebcda932a04f416cedba852dcce799b4"},"/home/linus/Desktop/Projects/Dev_Square_BE/src/docs/swaggerDef.js":{"path":"/home/linus/Desktop/Projects/Dev_Square_BE/src/docs/swaggerDef.js","statementMap":{"0":{"start":{"line":1,"column":20},"end":{"line":1,"column":49}},"1":{"start":{"line":2,"column":15},"end":{"line":2,"column":42}},"2":{"start":{"line":4,"column":19},"end":{"line":19,"column":1}},"3":{"start":{"line":21,"column":0},"end":{"line":21,"column":28}}},"fnMap":{},"branchMap":{},"s":{"0":4,"1":4,"2":4,"3":4},"f":{},"b":{},"_coverageSchema":"1a1c01bbd47fc00a2c39e90264f33305004495a9","hash":"d148c93040128fc4e49e00a46d23db8f7eb8353a"},"/home/linus/Desktop/Projects/Dev_Square_BE/src/routes/v1/task.route.js":{"path":"/home/linus/Desktop/Projects/Dev_Square_BE/src/routes/v1/task.route.js","statementMap":{"0":{"start":{"line":1,"column":16},"end":{"line":1,"column":34}},"1":{"start":{"line":2,"column":13},"end":{"line":2,"column":46}},"2":{"start":{"line":3,"column":17},"end":{"line":3,"column":54}},"3":{"start":{"line":4,"column":27},"end":{"line":4,"column":55}},"4":{"start":{"line":5,"column":27},"end":{"line":5,"column":55}},"5":{"start":{"line":7,"column":15},"end":{"line":7,"column":31}},"6":{"start":{"line":9,"column":0},"end":{"line":12,"column":89}},"7":{"start":{"line":14,"column":0},"end":{"line":18,"column":95}},"8":{"start":{"line":20,"column":0},"end":{"line":20,"column":24}}},"fnMap":{},"branchMap":{},"s":{"0":4,"1":4,"2":4,"3":4,"4":4,"5":4,"6":4,"7":4,"8":4},"f":{},"b":{},"_coverageSchema":"1a1c01bbd47fc00a2c39e90264f33305004495a9","hash":"1f18e82df062c73738ad2493265b726ed611cc7a"},"/home/linus/Desktop/Projects/Dev_Square_BE/src/validations/index.js":{"path":"/home/linus/Desktop/Projects/Dev_Square_BE/src/validations/index.js","statementMap":{"0":{"start":{"line":1,"column":0},"end":{"line":1,"column":61}},"1":{"start":{"line":2,"column":0},"end":{"line":2,"column":61}},"2":{"start":{"line":3,"column":0},"end":{"line":3,"column":61}},"3":{"start":{"line":4,"column":0},"end":{"line":4,"column":71}}},"fnMap":{},"branchMap":{},"s":{"0":4,"1":4,"2":4,"3":4},"f":{},"b":{},"_coverageSchema":"1a1c01bbd47fc00a2c39e90264f33305004495a9","hash":"14ab7d804bbd39beaed42d48d50237faf7ac4e35"},"/home/linus/Desktop/Projects/Dev_Square_BE/src/validations/task.validation.js":{"path":"/home/linus/Desktop/Projects/Dev_Square_BE/src/validations/task.validation.js","statementMap":{"0":{"start":{"line":1,"column":12},"end":{"line":1,"column":32}},"1":{"start":{"line":2,"column":31},"end":{"line":2,"column":61}},"2":{"start":{"line":4,"column":19},"end":{"line":12,"column":1}},"3":{"start":{"line":14,"column":19},"end":{"line":22,"column":1}},"4":{"start":{"line":24,"column":16},"end":{"line":28,"column":1}},"5":{"start":{"line":30,"column":19},"end":{"line":43,"column":1}},"6":{"start":{"line":45,"column":19},"end":{"line":49,"column":1}},"7":{"start":{"line":51,"column":0},"end":{"line":57,"column":2}}},"fnMap":{},"branchMap":{},"s":{"0":4,"1":4,"2":4,"3":4,"4":4,"5":4,"6":4,"7":4},"f":{},"b":{},"_coverageSchema":"1a1c01bbd47fc00a2c39e90264f33305004495a9","hash":"791479e006ec5312778033b69fe94151b67a8568"},"/home/linus/Desktop/Projects/Dev_Square_BE/src/validations/portfolio.validation.js":{"path":"/home/linus/Desktop/Projects/Dev_Square_BE/src/validations/portfolio.validation.js","statementMap":{"0":{"start":{"line":1,"column":12},"end":{"line":1,"column":32}},"1":{"start":{"line":2,"column":31},"end":{"line":2,"column":61}},"2":{"start":{"line":4,"column":19},"end":{"line":12,"column":1}},"3":{"start":{"line":14,"column":23},"end":{"line":21,"column":1}},"4":{"start":{"line":23,"column":16},"end":{"line":27,"column":1}},"5":{"start":{"line":29,"column":19},"end":{"line":42,"column":1}},"6":{"start":{"line":44,"column":19},"end":{"line":48,"column":1}},"7":{"start":{"line":50,"column":0},"end":{"line":56,"column":2}}},"fnMap":{},"branchMap":{},"s":{"0":4,"1":4,"2":4,"3":4,"4":4,"5":4,"6":4,"7":4},"f":{},"b":{},"_coverageSchema":"1a1c01bbd47fc00a2c39e90264f33305004495a9","hash":"efd25844180d78708baeadfe3ae8a817255ef78f"},"/home/linus/Desktop/Projects/Dev_Square_BE/src/controllers/index.js":{"path":"/home/linus/Desktop/Projects/Dev_Square_BE/src/controllers/index.js","statementMap":{"0":{"start":{"line":1,"column":0},"end":{"line":1,"column":61}},"1":{"start":{"line":2,"column":0},"end":{"line":2,"column":61}},"2":{"start":{"line":3,"column":0},"end":{"line":3,"column":71}},"3":{"start":{"line":4,"column":0},"end":{"line":4,"column":61}}},"fnMap":{},"branchMap":{},"s":{"0":4,"1":4,"2":4,"3":4},"f":{},"b":{},"_coverageSchema":"1a1c01bbd47fc00a2c39e90264f33305004495a9","hash":"9f0ac7527736aefe2b962ea764e2d1094639e812"},"/home/linus/Desktop/Projects/Dev_Square_BE/src/controllers/portfolio.controller.js":{"path":"/home/linus/Desktop/Projects/Dev_Square_BE/src/controllers/portfolio.controller.js","statementMap":{"0":{"start":{"line":1,"column":19},"end":{"line":1,"column":41}},"1":{"start":{"line":2,"column":13},"end":{"line":2,"column":37}},"2":{"start":{"line":3,"column":17},"end":{"line":3,"column":45}},"3":{"start":{"line":4,"column":19},"end":{"line":4,"column":49}},"4":{"start":{"line":5,"column":29},"end":{"line":5,"column":51}},"5":{"start":{"line":7,"column":19},"end":{"line":10,"column":2}},"6":{"start":{"line":8,"column":15},"end":{"line":8,"column":58}},"7":{"start":{"line":9,"column":2},"end":{"line":9,"column":44}},"8":{"start":{"line":12,"column":23},"end":{"line":17,"column":2}},"9":{"start":{"line":13,"column":17},"end":{"line":13,"column":46}},"10":{"start":{"line":14,"column":18},"end":{"line":14,"column":62}},"11":{"start":{"line":15,"column":17},"end":{"line":15,"column":66}},"12":{"start":{"line":16,"column":2},"end":{"line":16,"column":19}},"13":{"start":{"line":19,"column":21},"end":{"line":25,"column":2}},"14":{"start":{"line":20,"column":16},"end":{"line":20,"column":53}},"15":{"start":{"line":21,"column":2},"end":{"line":23,"column":3}},"16":{"start":{"line":22,"column":4},"end":{"line":22,"column":64}},"17":{"start":{"line":24,"column":2},"end":{"line":24,"column":18}},"18":{"start":{"line":27,"column":16},"end":{"line":33,"column":2}},"19":{"start":{"line":28,"column":17},"end":{"line":28,"column":70}},"20":{"start":{"line":29,"column":4},"end":{"line":31,"column":5}},"21":{"start":{"line":30,"column":8},"end":{"line":30,"column":67}},"22":{"start":{"line":32,"column":4},"end":{"line":32,"column":19}},"23":{"start":{"line":35,"column":19},"end":{"line":38,"column":2}},"24":{"start":{"line":36,"column":15},"end":{"line":36,"column":81}},"25":{"start":{"line":37,"column":2},"end":{"line":37,"column":17}},"26":{"start":{"line":40,"column":19},"end":{"line":43,"column":2}},"27":{"start":{"line":41,"column":2},"end":{"line":41,"column":59}},"28":{"start":{"line":42,"column":2},"end":{"line":42,"column":43}},"29":{"start":{"line":46,"column":0},"end":{"line":53,"column":2}}},"fnMap":{"0":{"name":"(anonymous_0)","decl":{"start":{"line":7,"column":30},"end":{"line":7,"column":31}},"loc":{"start":{"line":7,"column":50},"end":{"line":10,"column":1}},"line":7},"1":{"name":"(anonymous_1)","decl":{"start":{"line":12,"column":34},"end":{"line":12,"column":35}},"loc":{"start":{"line":12,"column":54},"end":{"line":17,"column":1}},"line":12},"2":{"name":"(anonymous_2)","decl":{"start":{"line":19,"column":32},"end":{"line":19,"column":33}},"loc":{"start":{"line":19,"column":52},"end":{"line":25,"column":1}},"line":19},"3":{"name":"(anonymous_3)","decl":{"start":{"line":27,"column":27},"end":{"line":27,"column":28}},"loc":{"start":{"line":27,"column":47},"end":{"line":33,"column":1}},"line":27},"4":{"name":"(anonymous_4)","decl":{"start":{"line":35,"column":30},"end":{"line":35,"column":31}},"loc":{"start":{"line":35,"column":50},"end":{"line":38,"column":1}},"line":35},"5":{"name":"(anonymous_5)","decl":{"start":{"line":40,"column":30},"end":{"line":40,"column":31}},"loc":{"start":{"line":40,"column":50},"end":{"line":43,"column":1}},"line":40}},"branchMap":{"0":{"loc":{"start":{"line":21,"column":2},"end":{"line":23,"column":3}},"type":"if","locations":[{"start":{"line":21,"column":2},"end":{"line":23,"column":3}},{"start":{"line":21,"column":2},"end":{"line":23,"column":3}}],"line":21},"1":{"loc":{"start":{"line":29,"column":4},"end":{"line":31,"column":5}},"type":"if","locations":[{"start":{"line":29,"column":4},"end":{"line":31,"column":5}},{"start":{"line":29,"column":4},"end":{"line":31,"column":5}}],"line":29}},"s":{"0":4,"1":4,"2":4,"3":4,"4":4,"5":4,"6":1,"7":1,"8":4,"9":6,"10":6,"11":6,"12":6,"13":4,"14":0,"15":0,"16":0,"17":0,"18":4,"19":2,"20":2,"21":1,"22":1,"23":4,"24":2,"25":1,"26":4,"27":2,"28":1,"29":4},"f":{"0":1,"1":6,"2":0,"3":2,"4":2,"5":2},"b":{"0":[0,0],"1":[1,1]},"_coverageSchema":"1a1c01bbd47fc00a2c39e90264f33305004495a9","hash":"d5740e78d6060bf14fe5e7bc0da4a679a40ffa71"},"/home/linus/Desktop/Projects/Dev_Square_BE/src/controllers/task.controller.js":{"path":"/home/linus/Desktop/Projects/Dev_Square_BE/src/controllers/task.controller.js","statementMap":{"0":{"start":{"line":1,"column":19},"end":{"line":1,"column":41}},"1":{"start":{"line":2,"column":13},"end":{"line":2,"column":37}},"2":{"start":{"line":3,"column":17},"end":{"line":3,"column":45}},"3":{"start":{"line":4,"column":19},"end":{"line":4,"column":49}},"4":{"start":{"line":5,"column":24},"end":{"line":5,"column":46}},"5":{"start":{"line":7,"column":19},"end":{"line":10,"column":2}},"6":{"start":{"line":8,"column":15},"end":{"line":8,"column":53}},"7":{"start":{"line":9,"column":2},"end":{"line":9,"column":44}},"8":{"start":{"line":12,"column":19},"end":{"line":17,"column":2}},"9":{"start":{"line":13,"column":17},"end":{"line":13,"column":60}},"10":{"start":{"line":14,"column":18},"end":{"line":14,"column":62}},"11":{"start":{"line":15,"column":17},"end":{"line":15,"column":61}},"12":{"start":{"line":16,"column":2},"end":{"line":16,"column":19}},"13":{"start":{"line":19,"column":16},"end":{"line":25,"column":2}},"14":{"start":{"line":20,"column":17},"end":{"line":20,"column":65}},"15":{"start":{"line":21,"column":4},"end":{"line":23,"column":5}},"16":{"start":{"line":22,"column":8},"end":{"line":22,"column":67}},"17":{"start":{"line":24,"column":4},"end":{"line":24,"column":19}},"18":{"start":{"line":27,"column":19},"end":{"line":30,"column":2}},"19":{"start":{"line":28,"column":15},"end":{"line":28,"column":76}},"20":{"start":{"line":29,"column":2},"end":{"line":29,"column":17}},"21":{"start":{"line":32,"column":19},"end":{"line":35,"column":2}},"22":{"start":{"line":33,"column":2},"end":{"line":33,"column":54}},"23":{"start":{"line":34,"column":2},"end":{"line":34,"column":43}},"24":{"start":{"line":38,"column":0},"end":{"line":44,"column":2}}},"fnMap":{"0":{"name":"(anonymous_0)","decl":{"start":{"line":7,"column":30},"end":{"line":7,"column":31}},"loc":{"start":{"line":7,"column":50},"end":{"line":10,"column":1}},"line":7},"1":{"name":"(anonymous_1)","decl":{"start":{"line":12,"column":30},"end":{"line":12,"column":31}},"loc":{"start":{"line":12,"column":50},"end":{"line":17,"column":1}},"line":12},"2":{"name":"(anonymous_2)","decl":{"start":{"line":19,"column":27},"end":{"line":19,"column":28}},"loc":{"start":{"line":19,"column":47},"end":{"line":25,"column":1}},"line":19},"3":{"name":"(anonymous_3)","decl":{"start":{"line":27,"column":30},"end":{"line":27,"column":31}},"loc":{"start":{"line":27,"column":50},"end":{"line":30,"column":1}},"line":27},"4":{"name":"(anonymous_4)","decl":{"start":{"line":32,"column":30},"end":{"line":32,"column":31}},"loc":{"start":{"line":32,"column":50},"end":{"line":35,"column":1}},"line":32}},"branchMap":{"0":{"loc":{"start":{"line":21,"column":4},"end":{"line":23,"column":5}},"type":"if","locations":[{"start":{"line":21,"column":4},"end":{"line":23,"column":5}},{"start":{"line":21,"column":4},"end":{"line":23,"column":5}}],"line":21}},"s":{"0":4,"1":4,"2":4,"3":4,"4":4,"5":4,"6":1,"7":1,"8":4,"9":7,"10":7,"11":7,"12":7,"13":4,"14":2,"15":2,"16":1,"17":1,"18":4,"19":2,"20":1,"21":4,"22":2,"23":1,"24":4},"f":{"0":1,"1":7,"2":2,"3":2,"4":2},"b":{"0":[1,1]},"_coverageSchema":"1a1c01bbd47fc00a2c39e90264f33305004495a9","hash":"929e76a3b6d603e240bba7beb49838f5f0881157"},"/home/linus/Desktop/Projects/Dev_Square_BE/src/routes/v1/portfolio.route.js":{"path":"/home/linus/Desktop/Projects/Dev_Square_BE/src/routes/v1/portfolio.route.js","statementMap":{"0":{"start":{"line":1,"column":16},"end":{"line":1,"column":34}},"1":{"start":{"line":2,"column":13},"end":{"line":2,"column":46}},"2":{"start":{"line":3,"column":17},"end":{"line":3,"column":54}},"3":{"start":{"line":4,"column":32},"end":{"line":4,"column":60}},"4":{"start":{"line":5,"column":32},"end":{"line":5,"column":60}},"5":{"start":{"line":7,"column":15},"end":{"line":7,"column":31}},"6":{"start":{"line":9,"column":0},"end":{"line":12,"column":111}},"7":{"start":{"line":14,"column":0},"end":{"line":18,"column":109}},"8":{"start":{"line":20,"column":0},"end":{"line":20,"column":24}}},"fnMap":{},"branchMap":{},"s":{"0":4,"1":4,"2":4,"3":4,"4":4,"5":4,"6":4,"7":4,"8":4},"f":{},"b":{},"_coverageSchema":"1a1c01bbd47fc00a2c39e90264f33305004495a9","hash":"826abf43f1e2d6585b4bb680f6ea844b5401a839"},"/home/linus/Desktop/Projects/Dev_Square_BE/src/middlewares/error.js":{"path":"/home/linus/Desktop/Projects/Dev_Square_BE/src/middlewares/error.js","statementMap":{"0":{"start":{"line":1,"column":19},"end":{"line":1,"column":41}},"1":{"start":{"line":2,"column":15},"end":{"line":2,"column":42}},"2":{"start":{"line":3,"column":15},"end":{"line":3,"column":42}},"3":{"start":{"line":4,"column":17},"end":{"line":4,"column":45}},"4":{"start":{"line":6,"column":23},"end":{"line":14,"column":1}},"5":{"start":{"line":7,"column":14},"end":{"line":7,"column":17}},"6":{"start":{"line":8,"column":2},"end":{"line":12,"column":3}},"7":{"start":{"line":9,"column":23},"end":{"line":9,"column":75}},"8":{"start":{"line":10,"column":20},"end":{"line":10,"column":59}},"9":{"start":{"line":11,"column":4},"end":{"line":11,"column":64}},"10":{"start":{"line":13,"column":2},"end":{"line":13,"column":14}},"11":{"start":{"line":17,"column":21},"end":{"line":37,"column":1}},"12":{"start":{"line":18,"column":32},"end":{"line":18,"column":35}},"13":{"start":{"line":19,"column":2},"end":{"line":22,"column":3}},"14":{"start":{"line":20,"column":4},"end":{"line":20,"column":50}},"15":{"start":{"line":21,"column":4},"end":{"line":21,"column":59}},"16":{"start":{"line":24,"column":2},"end":{"line":24,"column":40}},"17":{"start":{"line":26,"column":19},"end":{"line":30,"column":3}},"18":{"start":{"line":32,"column":2},"end":{"line":34,"column":3}},"19":{"start":{"line":33,"column":4},"end":{"line":33,"column":22}},"20":{"start":{"line":36,"column":2},"end":{"line":36,"column":40}},"21":{"start":{"line":39,"column":0},"end":{"line":42,"column":2}}},"fnMap":{"0":{"name":"(anonymous_0)","decl":{"start":{"line":6,"column":23},"end":{"line":6,"column":24}},"loc":{"start":{"line":6,"column":48},"end":{"line":14,"column":1}},"line":6},"1":{"name":"(anonymous_1)","decl":{"start":{"line":17,"column":21},"end":{"line":17,"column":22}},"loc":{"start":{"line":17,"column":46},"end":{"line":37,"column":1}},"line":17}},"branchMap":{"0":{"loc":{"start":{"line":8,"column":2},"end":{"line":12,"column":3}},"type":"if","locations":[{"start":{"line":8,"column":2},"end":{"line":12,"column":3}},{"start":{"line":8,"column":2},"end":{"line":12,"column":3}}],"line":8},"1":{"loc":{"start":{"line":9,"column":23},"end":{"line":9,"column":75}},"type":"binary-expr","locations":[{"start":{"line":9,"column":23},"end":{"line":9,"column":39}},{"start":{"line":9,"column":43},"end":{"line":9,"column":75}}],"line":9},"2":{"loc":{"start":{"line":10,"column":20},"end":{"line":10,"column":59}},"type":"binary-expr","locations":[{"start":{"line":10,"column":20},"end":{"line":10,"column":33}},{"start":{"line":10,"column":37},"end":{"line":10,"column":59}}],"line":10},"3":{"loc":{"start":{"line":19,"column":2},"end":{"line":22,"column":3}},"type":"if","locations":[{"start":{"line":19,"column":2},"end":{"line":22,"column":3}},{"start":{"line":19,"column":2},"end":{"line":22,"column":3}}],"line":19},"4":{"loc":{"start":{"line":19,"column":6},"end":{"line":19,"column":55}},"type":"binary-expr","locations":[{"start":{"line":19,"column":6},"end":{"line":19,"column":33}},{"start":{"line":19,"column":37},"end":{"line":19,"column":55}}],"line":19},"5":{"loc":{"start":{"line":29,"column":8},"end":{"line":29,"column":60}},"type":"binary-expr","locations":[{"start":{"line":29,"column":8},"end":{"line":29,"column":36}},{"start":{"line":29,"column":40},"end":{"line":29,"column":60}}],"line":29},"6":{"loc":{"start":{"line":32,"column":2},"end":{"line":34,"column":3}},"type":"if","locations":[{"start":{"line":32,"column":2},"end":{"line":34,"column":3}},{"start":{"line":32,"column":2},"end":{"line":34,"column":3}}],"line":32}},"s":{"0":5,"1":5,"2":5,"3":5,"4":5,"5":103,"6":103,"7":4,"8":4,"9":4,"10":103,"11":5,"12":102,"13":102,"14":1,"15":1,"16":102,"17":102,"18":102,"19":1,"20":102,"21":5},"f":{"0":103,"1":102},"b":{"0":[4,99],"1":[4,2],"2":[4,2],"3":[1,101],"4":[102,2],"5":[102,1],"6":[1,101]},"_coverageSchema":"1a1c01bbd47fc00a2c39e90264f33305004495a9","hash":"9543706d5f6337d6f327b63b06f0d304bf3517eb"}}}